DELETE FROM `tabModule Def` WHERE module_name='Helpdesk';
SELECT * FROM `tabInstalled Applications`;
DELETE FROM `tabInstalled Applications` WHERE app_name='helpdesk';
SELECT * FROM `tabInstalled Applications`;
DELETE FROM `tabModule Def` WHERE module_name='Helpdesk';
DELETE FROM `tabInstalled Applications` WHERE app_name='helpdesk';
DELETE FROM `tabModule Def` WHERE module_name='Helpdesk';
DELETE FROM `tabModule Def` WHERE module_name='hrms';
DELETE FROM `tabInstalled Applications` WHERE app_name='helpdesk';
DELETE FROM `tabModule Def` WHERE name = 'HR';
DELETE FROM `tabModule Def` WHERE name = 'Helpdesk';
DELETE FROM `tabModule Def` WHERE name = 'Payroll';
SHOW TABLES LIKE 'tabHRMS%';
DELETE FROM `tabModule Def` WHERE app_name = 'hrms';
DELETE FROM `tabDocType` WHERE module = 'HRMS';
SET SQL_SAFE_UPDATES = 0;
DELETE FROM `tabModule Def` WHERE app_name = 'hrms';
SET SQL_SAFE_UPDATES = 1;
SELECT * FROM `tabModule Def` WHERE app_name = 'hrms';
DELETE FROM `tabModule Def` WHERE name = 'HRMS';
SELECT * FROM `tabDesktop Icon` WHERE module_name = 'HRMS';
DELETE FROM `tabDesktop Icon` WHERE module_name = 'HRMS';
SELECT * FROM `tabModule Def` WHERE app_name LIKE '%hrms%';
SELECT * FROM `tabDesktop Icon` WHERE module_name LIKE '%HRMS%';
SELECT * FROM `tabDocType` WHERE module LIKE '%HRMS%';
SELECT * FROM `tabSingles` WHERE doctype LIKE '%HRMS%';
SELECT * FROM `tabCustom Field` WHERE dt LIKE '%HRMS%';
SELECT * FROM `tabProperty Setter` WHERE doc_type LIKE '%HRMS%';
SELECT * FROM `tabReport` WHERE module LIKE '%HRMS%';
SELECT * FROM `tabPage` WHERE module LIKE '%HRMS%';
SELECT * FROM `tabRole` WHERE name LIKE '%HRMS%';
DELETE FROM `tabModule Def` WHERE app_name = 'hrms';
DELETE FROM `tabDesktop Icon` WHERE module_name = 'HRMS';
DELETE FROM `tabDocType` WHERE module = 'HRMS';
DELETE FROM `tabSingles` WHERE doctype LIKE '%HRMS%';
DELETE FROM `tabCustom Field` WHERE dt LIKE '%HRMS%';
DELETE FROM `tabProperty Setter` WHERE doc_type LIKE '%HRMS%';
DELETE FROM `tabReport` WHERE module LIKE '%HRMS%';
DELETE FROM `tabPage` WHERE module LIKE '%HRMS%';
DELETE FROM `tabRole` WHERE name LIKE '%HRMS%';
DELETE FROM `tabDesktop Icon` WHERE module_name = 'HRMS';
SET SQL_SAFE_UPDATES = 0;
SET SQL_SAFE_UPDATES = 1;
SELECT * FROM `tabWorkspace Settings`;
