2025-03-31 18:22:22,314 WARNING database DDL Query made to DB:
ALTER TABLE `tabEmployee Tax Exemption Declaration` MODIFY `total_declared_amount` decimal(21,9) not null default 0, MODIFY `total_exemption_amount` decimal(21,9) not null default 0
2025-03-31 18:22:22,353 WARNING database DDL Query made to DB:
ALTER TABLE `tabEmployee` MODIFY `ctc` decimal(21,9) not null default 0
2025-03-31 18:22:22,392 WARNING database DDL Query made to DB:
ALTER TABLE `tabCompany` MODIFY `credit_limit` decimal(21,9) not null default 0, MODIFY `total_monthly_sales` decimal(21,9) not null default 0, MODIFY `monthly_sales_target` decimal(21,9) not null default 0
2025-03-31 18:22:22,422 WARNING database DDL Query made to DB:
ALTER TABLE `tabEmployee Tax Exemption Proof Submission` ADD COLUMN `house_rent_payment_amount` decimal(21,9) not null default 0, ADD COLUMN `rented_in_metro_city` int(1) not null default 0, ADD COLUMN `rented_from_date` date, ADD COLUMN `rented_to_date` date, ADD COLUMN `monthly_house_rent` decimal(21,9) not null default 0, ADD COLUMN `monthly_hra_exemption` decimal(21,9) not null default 0, ADD COLUMN `total_eligible_hra_exemption` decimal(21,9) not null default 0
2025-03-31 18:22:22,423 WARNING database DDL Query made to DB:
ALTER TABLE `tabEmployee Tax Exemption Proof Submission` MODIFY `total_actual_amount` decimal(21,9) not null default 0, MODIFY `exemption_amount` decimal(21,9) not null default 0
2025-03-31 18:22:32,884 WARNING database DDL Query made to DB:
alter table `tabDocType` add column if not exists migration_hash varchar(140)
2025-03-31 18:22:33,548 WARNING database DDL Query made to DB:
ALTER TABLE `tabPrint Heading` DROP INDEX `print_heading`
2025-03-31 18:22:34,207 WARNING database DDL Query made to DB:
ALTER TABLE `tabPrint Heading` ADD UNIQUE INDEX IF NOT EXISTS print_heading (`print_heading`)
2025-03-31 18:26:13,965 WARNING database DDL Query made to DB:
create table `tabHD Ticket Template` (
			name varchar(140) primary key,
			creation datetime(6),
			modified datetime(6),
			modified_by varchar(140),
			owner varchar(140),
			docstatus int(1) not null default '0',
			idx int(8) not null default '0',
			`template_name` varchar(140) unique,
`about` longtext,
`_user_tags` text,
`_comments` text,
`_assign` text,
`_liked_by` text,
index modified(modified))
			ENGINE=InnoDB
			ROW_FORMAT=DYNAMIC
			CHARACTER SET=utf8mb4
			COLLATE=utf8mb4_unicode_ci
2025-03-31 18:26:14,078 WARNING database DDL Query made to DB:
create table `tabHD Team` (
			name varchar(140) primary key,
			creation datetime(6),
			modified datetime(6),
			modified_by varchar(140),
			owner varchar(140),
			docstatus int(1) not null default '0',
			idx int(8) not null default '0',
			`team_name` varchar(140) unique,
`assignment_rule` varchar(140),
`ignore_restrictions` int(1) not null default 0,
`_user_tags` text,
`_comments` text,
`_assign` text,
`_liked_by` text,
index modified(modified))
			ENGINE=InnoDB
			ROW_FORMAT=DYNAMIC
			CHARACTER SET=utf8mb4
			COLLATE=utf8mb4_unicode_ci
2025-03-31 18:26:14,152 WARNING database DDL Query made to DB:
create table `tabHD Pause Service Level Agreement On Status` (
			name varchar(140) primary key,
			creation datetime(6),
			modified datetime(6),
			modified_by varchar(140),
			owner varchar(140),
			docstatus int(1) not null default '0',
			idx int(8) not null default '0',
			`status` varchar(140),
parent varchar(140),
parentfield varchar(140),
parenttype varchar(140),
index parent(parent))
			ENGINE=InnoDB
			ROW_FORMAT=DYNAMIC
			CHARACTER SET=utf8mb4
			COLLATE=utf8mb4_unicode_ci
2025-03-31 18:26:14,209 WARNING database DDL Query made to DB:
create sequence if not exists hd_preset_filter_item_id_seq nocache nocycle
2025-03-31 18:26:14,225 WARNING database DDL Query made to DB:
create table `tabHD Preset Filter Item` (
			name bigint primary key,
			creation datetime(6),
			modified datetime(6),
			modified_by varchar(140),
			owner varchar(140),
			docstatus int(1) not null default '0',
			idx int(8) not null default '0',
			`label` varchar(140),
`fieldname` varchar(140),
`filter_type` varchar(140),
`value` varchar(140),
parent varchar(140),
parentfield varchar(140),
parenttype varchar(140),
index parent(parent))
			ENGINE=InnoDB
			ROW_FORMAT=DYNAMIC
			CHARACTER SET=utf8mb4
			COLLATE=utf8mb4_unicode_ci
2025-03-31 18:26:14,301 WARNING database DDL Query made to DB:
create table `tabHD Article Category` (
			name varchar(140) primary key,
			creation datetime(6),
			modified datetime(6),
			modified_by varchar(140),
			owner varchar(140),
			docstatus int(1) not null default '0',
			idx int(8) not null default '0',
			`category_name` varchar(140),
`description` text,
`icon` varchar(140),
`_user_tags` text,
`_comments` text,
`_assign` text,
`_liked_by` text,
index modified(modified))
			ENGINE=InnoDB
			ROW_FORMAT=DYNAMIC
			CHARACTER SET=utf8mb4
			COLLATE=utf8mb4_unicode_ci
2025-03-31 18:26:14,384 WARNING database DDL Query made to DB:
create table `tabHD Ticket Priority` (
			name varchar(140) primary key,
			creation datetime(6),
			modified datetime(6),
			modified_by varchar(140),
			owner varchar(140),
			docstatus int(1) not null default '0',
			idx int(8) not null default '0',
			`integer_value` int(11) not null default 0,
`description` text,
`_user_tags` text,
`_comments` text,
`_assign` text,
`_liked_by` text,
index modified(modified))
			ENGINE=InnoDB
			ROW_FORMAT=DYNAMIC
			CHARACTER SET=utf8mb4
			COLLATE=utf8mb4_unicode_ci
2025-03-31 18:26:14,480 WARNING database DDL Query made to DB:
create table `tabHD Action` (
			name varchar(140) primary key,
			creation datetime(6),
			modified datetime(6),
			modified_by varchar(140),
			owner varchar(140),
			docstatus int(1) not null default '0',
			idx int(8) not null default '0',
			`is_enabled` int(1) not null default 0,
`button_label` varchar(140),
`button_icon` varchar(140),
`is_external_link` int(1) not null default 0,
`action` longtext,
`cond_hidden` longtext,
`_user_tags` text,
`_comments` text,
`_assign` text,
`_liked_by` text,
index modified(modified))
			ENGINE=InnoDB
			ROW_FORMAT=DYNAMIC
			CHARACTER SET=utf8mb4
			COLLATE=utf8mb4_unicode_ci
2025-03-31 18:26:14,560 WARNING database DDL Query made to DB:
create table `tabHD Service Day` (
			name varchar(140) primary key,
			creation datetime(6),
			modified datetime(6),
			modified_by varchar(140),
			owner varchar(140),
			docstatus int(1) not null default '0',
			idx int(8) not null default '0',
			`workday` varchar(140),
`start_time` time(6),
`end_time` time(6),
parent varchar(140),
parentfield varchar(140),
parenttype varchar(140),
index parent(parent))
			ENGINE=InnoDB
			ROW_FORMAT=DYNAMIC
			CHARACTER SET=utf8mb4
			COLLATE=utf8mb4_unicode_ci
2025-03-31 18:26:14,766 WARNING database DDL Query made to DB:
create table `tabHD Support Search Source` (
			name varchar(140) primary key,
			creation datetime(6),
			modified datetime(6),
			modified_by varchar(140),
			owner varchar(140),
			docstatus int(1) not null default '0',
			idx int(8) not null default '0',
			`source_name` varchar(140),
`source_type` varchar(140),
`base_url` varchar(140),
`query_route` varchar(140),
`search_term_param_name` varchar(140),
`response_result_key_path` varchar(140),
`post_route` varchar(140),
`post_route_key_list` varchar(140),
`post_title_key` varchar(140),
`post_description_key` varchar(140),
`source_doctype` varchar(140),
`result_title_field` varchar(140),
`result_preview_field` varchar(140),
`result_route_field` varchar(140),
parent varchar(140),
parentfield varchar(140),
parenttype varchar(140),
index parent(parent))
			ENGINE=InnoDB
			ROW_FORMAT=DYNAMIC
			CHARACTER SET=utf8mb4
			COLLATE=utf8mb4_unicode_ci
2025-03-31 18:26:14,845 WARNING database DDL Query made to DB:
create table `tabHD Agent` (
			name varchar(140) primary key,
			creation datetime(6),
			modified datetime(6),
			modified_by varchar(140),
			owner varchar(140),
			docstatus int(1) not null default '0',
			idx int(8) not null default '0',
			`user` varchar(140),
`agent_name` varchar(140),
`user_image` varchar(140),
`is_active` int(1) not null default 1,
`_user_tags` text,
`_comments` text,
`_assign` text,
`_liked_by` text,
index modified(modified))
			ENGINE=InnoDB
			ROW_FORMAT=DYNAMIC
			CHARACTER SET=utf8mb4
			COLLATE=utf8mb4_unicode_ci
2025-03-31 18:26:14,926 WARNING database DDL Query made to DB:
create table `tabHD Synonyms` (
			name varchar(140) primary key,
			creation datetime(6),
			modified datetime(6),
			modified_by varchar(140),
			owner varchar(140),
			docstatus int(1) not null default '0',
			idx int(8) not null default '0',
			`word` varchar(140) unique,
`_user_tags` text,
`_comments` text,
`_assign` text,
`_liked_by` text,
index modified(modified))
			ENGINE=InnoDB
			ROW_FORMAT=DYNAMIC
			CHARACTER SET=utf8mb4
			COLLATE=utf8mb4_unicode_ci
2025-03-31 18:26:15,017 WARNING database DDL Query made to DB:
create table `tabHD Service Level Agreement` (
			name varchar(140) primary key,
			creation datetime(6),
			modified datetime(6),
			modified_by varchar(140),
			owner varchar(140),
			docstatus int(1) not null default '0',
			idx int(8) not null default '0',
			`default_priority` varchar(140),
`service_level` varchar(140) unique,
`enabled` int(1) not null default 1,
`default_sla` int(1) not null default 0,
`condition` longtext,
`start_date` date,
`end_date` date,
`apply_sla_for_resolution` int(1) not null default 1,
`holiday_list` varchar(140),
`_user_tags` text,
`_comments` text,
`_assign` text,
`_liked_by` text,
index modified(modified))
			ENGINE=InnoDB
			ROW_FORMAT=DYNAMIC
			CHARACTER SET=utf8mb4
			COLLATE=utf8mb4_unicode_ci
2025-03-31 18:26:15,138 WARNING database DDL Query made to DB:
create sequence if not exists hd_ticket_id_seq nocache nocycle
2025-03-31 18:26:15,152 WARNING database DDL Query made to DB:
create table `tabHD Ticket` (
			name bigint primary key,
			creation datetime(6),
			modified datetime(6),
			modified_by varchar(140),
			owner varchar(140),
			docstatus int(1) not null default '0',
			idx int(8) not null default '0',
			`subject` varchar(140),
`raised_by` varchar(140),
`status` varchar(140) default 'Open',
`priority` varchar(140),
`ticket_type` varchar(140),
`agent_group` varchar(140),
`ticket_split_from` varchar(140),
`description` longtext,
`template` varchar(140),
`sla` varchar(140),
`response_by` datetime(6),
`agreement_status` varchar(140),
`resolution_by` datetime(6),
`service_level_agreement_creation` datetime(6),
`on_hold_since` datetime(6),
`total_hold_time` decimal(21,9),
`first_response_time` decimal(21,9),
`first_responded_on` datetime(6),
`avg_response_time` decimal(21,9),
`resolution_details` longtext,
`opening_date` date,
`opening_time` time(6),
`resolution_date` datetime(6),
`resolution_time` decimal(21,9),
`user_resolution_time` decimal(21,9),
`contact` varchar(140),
`customer` varchar(140),
`email_account` varchar(140),
`via_customer_portal` int(1) not null default 0,
`attachment` text,
`content_type` varchar(140),
`feedback_rating` decimal(3,2),
`feedback_text` varchar(140),
`feedback` varchar(140),
`feedback_extra` longtext,
`_user_tags` text,
`_comments` text,
`_assign` text,
`_liked_by` text,
`_seen` text,
index `status`(`status`),
index modified(modified))
			ENGINE=InnoDB
			ROW_FORMAT=DYNAMIC
			CHARACTER SET=utf8mb4
			COLLATE=utf8mb4_unicode_ci
2025-03-31 18:26:15,236 WARNING database DDL Query made to DB:
create table `tabHD Preset Filter` (
			name varchar(140) primary key,
			creation datetime(6),
			modified datetime(6),
			modified_by varchar(140),
			owner varchar(140),
			docstatus int(1) not null default '0',
			idx int(8) not null default '0',
			`title` varchar(140),
`reference_doctype` varchar(140),
`type` varchar(140),
`user` varchar(140),
`_user_tags` text,
`_comments` text,
`_assign` text,
`_liked_by` text,
index modified(modified))
			ENGINE=InnoDB
			ROW_FORMAT=DYNAMIC
			CHARACTER SET=utf8mb4
			COLLATE=utf8mb4_unicode_ci
2025-03-31 18:26:15,331 WARNING database DDL Query made to DB:
create table `tabHD Organization` (
			name varchar(140) primary key,
			creation datetime(6),
			modified datetime(6),
			modified_by varchar(140),
			owner varchar(140),
			docstatus int(1) not null default '0',
			idx int(8) not null default '0',
			`organization_name` varchar(140) unique,
`_user_tags` text,
`_comments` text,
`_assign` text,
`_liked_by` text,
index modified(modified))
			ENGINE=InnoDB
			ROW_FORMAT=DYNAMIC
			CHARACTER SET=utf8mb4
			COLLATE=utf8mb4_unicode_ci
2025-03-31 18:26:15,404 WARNING database DDL Query made to DB:
create table `tabHD Portal Signup Request` (
			name varchar(140) primary key,
			creation datetime(6),
			modified datetime(6),
			modified_by varchar(140),
			owner varchar(140),
			docstatus int(1) not null default '0',
			idx int(8) not null default '0',
			`request_key` varchar(140),
`user` varchar(140),
`_user_tags` text,
`_comments` text,
`_assign` text,
`_liked_by` text,
index modified(modified))
			ENGINE=InnoDB
			ROW_FORMAT=DYNAMIC
			CHARACTER SET=utf8mb4
			COLLATE=utf8mb4_unicode_ci
2025-03-31 18:26:15,484 WARNING database DDL Query made to DB:
create table `tabHD Form Script` (
			name varchar(140) primary key,
			creation datetime(6),
			modified datetime(6),
			modified_by varchar(140),
			owner varchar(140),
			docstatus int(1) not null default '0',
			idx int(8) not null default '0',
			`dt` varchar(140) default 'HD Ticket',
`apply_to` varchar(140) default 'Form',
`enabled` int(1) not null default 0,
`apply_to_customer_portal` int(1) not null default 0,
`apply_on_new_page` int(1) not null default 0,
`script` longtext default 'function setupForm({doc, updateField, call, router, $dialog, createToast ,applyFilters}) {\n    return {\n        actions: [],\n        onChange:{\n//          works only for new ticket page\n            \"fieldname\":(newVal)=>console.log(newVal)\n        }\n    }\n}',
`_user_tags` text,
`_comments` text,
`_assign` text,
`_liked_by` text,
index modified(modified))
			ENGINE=InnoDB
			ROW_FORMAT=DYNAMIC
			CHARACTER SET=utf8mb4
			COLLATE=utf8mb4_unicode_ci
2025-03-31 18:26:15,564 WARNING database DDL Query made to DB:
create table `tabHD Article` (
			name varchar(140) primary key,
			creation datetime(6),
			modified datetime(6),
			modified_by varchar(140),
			owner varchar(140),
			docstatus int(1) not null default '0',
			idx int(8) not null default '0',
			`title` varchar(140),
`status` varchar(140) default 'Draft',
`published_on` datetime(6),
`views` int(11) not null default 0,
`category` varchar(140),
`author` varchar(140),
`content` longtext,
`_user_tags` text,
`_comments` text,
`_assign` text,
`_liked_by` text,
index modified(modified))
			ENGINE=InnoDB
			ROW_FORMAT=DYNAMIC
			CHARACTER SET=utf8mb4
			COLLATE=utf8mb4_unicode_ci
2025-03-31 18:26:15,652 WARNING database DDL Query made to DB:
create table `tabHD Service Holiday List` (
			name varchar(140) primary key,
			creation datetime(6),
			modified datetime(6),
			modified_by varchar(140),
			owner varchar(140),
			docstatus int(1) not null default '0',
			idx int(8) not null default '0',
			`holiday_list_name` varchar(140) unique,
`from_date` date,
`to_date` date,
`total_holidays` int(11) not null default 0,
`weekly_off` varchar(140),
`color` varchar(140),
`_user_tags` text,
`_comments` text,
`_assign` text,
`_liked_by` text,
index modified(modified))
			ENGINE=InnoDB
			ROW_FORMAT=DYNAMIC
			CHARACTER SET=utf8mb4
			COLLATE=utf8mb4_unicode_ci
2025-03-31 18:26:15,747 WARNING database DDL Query made to DB:
create table `tabHD Escalation Rule` (
			name varchar(140) primary key,
			creation datetime(6),
			modified datetime(6),
			modified_by varchar(140),
			owner varchar(140),
			docstatus int(1) not null default '0',
			idx int(8) not null default '0',
			`is_enabled` int(1) not null default 0,
`priority` varchar(140),
`team` varchar(140),
`ticket_type` varchar(140),
`to_agent` varchar(140),
`to_team` varchar(140),
`to_priority` varchar(140),
`to_ticket_type` varchar(140),
`_user_tags` text,
`_comments` text,
`_assign` text,
`_liked_by` text,
index modified(modified))
			ENGINE=InnoDB
			ROW_FORMAT=DYNAMIC
			CHARACTER SET=utf8mb4
			COLLATE=utf8mb4_unicode_ci
2025-03-31 18:26:15,826 WARNING database DDL Query made to DB:
create table `tabHD Ticket Activity` (
			name varchar(140) primary key,
			creation datetime(6),
			modified datetime(6),
			modified_by varchar(140),
			owner varchar(140),
			docstatus int(1) not null default '0',
			idx int(8) not null default '0',
			`ticket` varchar(140),
`action` varchar(140),
`_user_tags` text,
`_comments` text,
`_assign` text,
`_liked_by` text,
index modified(modified))
			ENGINE=InnoDB
			ROW_FORMAT=DYNAMIC
			CHARACTER SET=utf8mb4
			COLLATE=utf8mb4_unicode_ci
2025-03-31 18:26:15,902 WARNING database DDL Query made to DB:
create table `tabHD Service Level Agreement Fulfilled On Status` (
			name varchar(140) primary key,
			creation datetime(6),
			modified datetime(6),
			modified_by varchar(140),
			owner varchar(140),
			docstatus int(1) not null default '0',
			idx int(8) not null default '0',
			`status` varchar(140),
parent varchar(140),
parentfield varchar(140),
parenttype varchar(140),
index parent(parent))
			ENGINE=InnoDB
			ROW_FORMAT=DYNAMIC
			CHARACTER SET=utf8mb4
			COLLATE=utf8mb4_unicode_ci
2025-03-31 18:26:15,977 WARNING database DDL Query made to DB:
create table `tabHD Customer` (
			name varchar(140) primary key,
			creation datetime(6),
			modified datetime(6),
			modified_by varchar(140),
			owner varchar(140),
			docstatus int(1) not null default '0',
			idx int(8) not null default '0',
			`image` text,
`customer_name` varchar(140) unique,
`domain` varchar(140),
`_user_tags` text,
`_comments` text,
`_assign` text,
`_liked_by` text,
index modified(modified))
			ENGINE=InnoDB
			ROW_FORMAT=DYNAMIC
			CHARACTER SET=utf8mb4
			COLLATE=utf8mb4_unicode_ci
2025-03-31 18:26:16,086 WARNING database DDL Query made to DB:
create table `tabHD Holiday` (
			name varchar(140) primary key,
			creation datetime(6),
			modified datetime(6),
			modified_by varchar(140),
			owner varchar(140),
			docstatus int(1) not null default '0',
			idx int(8) not null default '0',
			`holiday_date` date,
`weekly_off` int(1) not null default 0,
`description` longtext,
parent varchar(140),
parentfield varchar(140),
parenttype varchar(140),
index parent(parent))
			ENGINE=InnoDB
			ROW_FORMAT=DYNAMIC
			CHARACTER SET=utf8mb4
			COLLATE=utf8mb4_unicode_ci
2025-03-31 18:26:16,164 WARNING database DDL Query made to DB:
create table `tabHD Notification` (
			name varchar(140) primary key,
			creation datetime(6),
			modified datetime(6),
			modified_by varchar(140),
			owner varchar(140),
			docstatus int(1) not null default '0',
			idx int(8) not null default '0',
			`read` int(1) not null default 0,
`user_from` varchar(140),
`user_to` varchar(140),
`notification_type` varchar(140),
`reference_ticket` varchar(140),
`reference_comment` varchar(140),
`message` text,
`_user_tags` text,
`_comments` text,
`_assign` text,
`_liked_by` text,
index modified(modified))
			ENGINE=InnoDB
			ROW_FORMAT=DYNAMIC
			CHARACTER SET=utf8mb4
			COLLATE=utf8mb4_unicode_ci
2025-03-31 18:26:16,245 WARNING database DDL Query made to DB:
create table `tabHD Synonym` (
			name varchar(140) primary key,
			creation datetime(6),
			modified datetime(6),
			modified_by varchar(140),
			owner varchar(140),
			docstatus int(1) not null default '0',
			idx int(8) not null default '0',
			`synonym` varchar(140) unique,
parent varchar(140),
parentfield varchar(140),
parenttype varchar(140),
index parent(parent))
			ENGINE=InnoDB
			ROW_FORMAT=DYNAMIC
			CHARACTER SET=utf8mb4
			COLLATE=utf8mb4_unicode_ci
2025-03-31 18:26:16,346 WARNING database DDL Query made to DB:
create table `tabHD View` (
			name varchar(140) primary key,
			creation datetime(6),
			modified datetime(6),
			modified_by varchar(140),
			owner varchar(140),
			docstatus int(1) not null default '0',
			idx int(8) not null default '0',
			`label` varchar(140),
`icon` varchar(140),
`user` varchar(140),
`is_default` int(1) not null default 0,
`is_customer_portal` int(1) not null default 0,
`type` varchar(140) default 'list',
`dt` varchar(140),
`route_name` varchar(140),
`pinned` int(1) not null default 0,
`public` int(1) not null default 0,
`filters` longtext,
`order_by` longtext,
`load_default_columns` int(1) not null default 0,
`columns` longtext,
`rows` longtext,
`group_by_field` varchar(140),
`_user_tags` text,
`_comments` text,
`_assign` text,
`_liked_by` text,
index modified(modified))
			ENGINE=InnoDB
			ROW_FORMAT=DYNAMIC
			CHARACTER SET=utf8mb4
			COLLATE=utf8mb4_unicode_ci
2025-03-31 18:26:16,451 WARNING database DDL Query made to DB:
create table `tabHD Ticket Type` (
			name varchar(140) primary key,
			creation datetime(6),
			modified datetime(6),
			modified_by varchar(140),
			owner varchar(140),
			docstatus int(1) not null default '0',
			idx int(8) not null default '0',
			`is_system` int(1) not null default 0,
`description` text,
`priority` varchar(140),
`_user_tags` text,
`_comments` text,
`_assign` text,
`_liked_by` text,
index modified(modified))
			ENGINE=InnoDB
			ROW_FORMAT=DYNAMIC
			CHARACTER SET=utf8mb4
			COLLATE=utf8mb4_unicode_ci
2025-03-31 18:26:16,526 WARNING database DDL Query made to DB:
create sequence if not exists hd_team_member_id_seq nocache nocycle
2025-03-31 18:26:16,539 WARNING database DDL Query made to DB:
create table `tabHD Team Member` (
			name bigint primary key,
			creation datetime(6),
			modified datetime(6),
			modified_by varchar(140),
			owner varchar(140),
			docstatus int(1) not null default '0',
			idx int(8) not null default '0',
			`user` varchar(140),
parent varchar(140),
parentfield varchar(140),
parenttype varchar(140),
index parent(parent))
			ENGINE=InnoDB
			ROW_FORMAT=DYNAMIC
			CHARACTER SET=utf8mb4
			COLLATE=utf8mb4_unicode_ci
2025-03-31 18:26:16,617 WARNING database DDL Query made to DB:
create table `tabHD Desk Account Request` (
			name varchar(140) primary key,
			creation datetime(6),
			modified datetime(6),
			modified_by varchar(140),
			owner varchar(140),
			docstatus int(1) not null default '0',
			idx int(8) not null default '0',
			`request_key` varchar(140),
`ip_address` varchar(140),
`email` varchar(140) unique,
`user` varchar(140),
`_user_tags` text,
`_comments` text,
`_assign` text,
`_liked_by` text,
index modified(modified))
			ENGINE=InnoDB
			ROW_FORMAT=DYNAMIC
			CHARACTER SET=utf8mb4
			COLLATE=utf8mb4_unicode_ci
2025-03-31 18:26:16,699 WARNING database DDL Query made to DB:
create table `tabHD Ticket Feedback Option` (
			name varchar(140) primary key,
			creation datetime(6),
			modified datetime(6),
			modified_by varchar(140),
			owner varchar(140),
			docstatus int(1) not null default '0',
			idx int(8) not null default '0',
			`rating` decimal(3,2),
`label` varchar(140) unique,
`_user_tags` text,
`_comments` text,
`_assign` text,
`_liked_by` text,
index modified(modified))
			ENGINE=InnoDB
			ROW_FORMAT=DYNAMIC
			CHARACTER SET=utf8mb4
			COLLATE=utf8mb4_unicode_ci
2025-03-31 18:26:16,780 WARNING database DDL Query made to DB:
create table `tabHD Service Level Priority` (
			name varchar(140) primary key,
			creation datetime(6),
			modified datetime(6),
			modified_by varchar(140),
			owner varchar(140),
			docstatus int(1) not null default '0',
			idx int(8) not null default '0',
			`default_priority` int(1) not null default 0,
`priority` varchar(140),
`response_time` decimal(21,9),
`resolution_time` decimal(21,9),
parent varchar(140),
parentfield varchar(140),
parenttype varchar(140),
index parent(parent))
			ENGINE=InnoDB
			ROW_FORMAT=DYNAMIC
			CHARACTER SET=utf8mb4
			COLLATE=utf8mb4_unicode_ci
2025-03-31 18:26:16,844 WARNING database DDL Query made to DB:
create table `tabHD Organization Contact Item` (
			name varchar(140) primary key,
			creation datetime(6),
			modified datetime(6),
			modified_by varchar(140),
			owner varchar(140),
			docstatus int(1) not null default '0',
			idx int(8) not null default '0',
			`contact` varchar(140),
parent varchar(140),
parentfield varchar(140),
parenttype varchar(140),
index parent(parent))
			ENGINE=InnoDB
			ROW_FORMAT=DYNAMIC
			CHARACTER SET=utf8mb4
			COLLATE=utf8mb4_unicode_ci
2025-03-31 18:26:16,916 WARNING database DDL Query made to DB:
create table `tabHD Stopword` (
			name varchar(140) primary key,
			creation datetime(6),
			modified datetime(6),
			modified_by varchar(140),
			owner varchar(140),
			docstatus int(1) not null default '0',
			idx int(8) not null default '0',
			`word` varchar(140) unique,
`enabled` int(1) not null default 1,
`_user_tags` text,
`_comments` text,
`_assign` text,
`_liked_by` text,
index modified(modified))
			ENGINE=InnoDB
			ROW_FORMAT=DYNAMIC
			CHARACTER SET=utf8mb4
			COLLATE=utf8mb4_unicode_ci
2025-03-31 18:26:16,994 WARNING database DDL Query made to DB:
create table `tabHD Ticket Comment` (
			name varchar(140) primary key,
			creation datetime(6),
			modified datetime(6),
			modified_by varchar(140),
			owner varchar(140),
			docstatus int(1) not null default '0',
			idx int(8) not null default '0',
			`reference_ticket` varchar(140),
`commented_by` varchar(140),
`is_pinned` int(1) not null default 0,
`content` longtext,
`_user_tags` text,
`_comments` text,
`_assign` text,
`_liked_by` text,
index `reference_ticket`(`reference_ticket`),
index modified(modified))
			ENGINE=InnoDB
			ROW_FORMAT=DYNAMIC
			CHARACTER SET=utf8mb4
			COLLATE=utf8mb4_unicode_ci
2025-03-31 18:26:17,074 WARNING database DDL Query made to DB:
create table `tabHD Canned Response` (
			name varchar(140) primary key,
			creation datetime(6),
			modified datetime(6),
			modified_by varchar(140),
			owner varchar(140),
			docstatus int(1) not null default '0',
			idx int(8) not null default '0',
			`title` varchar(140),
`message` longtext,
`_user_tags` text,
`_comments` text,
`_assign` text,
`_liked_by` text,
index modified(modified))
			ENGINE=InnoDB
			ROW_FORMAT=DYNAMIC
			CHARACTER SET=utf8mb4
			COLLATE=utf8mb4_unicode_ci
2025-03-31 18:26:17,155 WARNING database DDL Query made to DB:
create table `tabHD Ticket Template Field` (
			name varchar(140) primary key,
			creation datetime(6),
			modified datetime(6),
			modified_by varchar(140),
			owner varchar(140),
			docstatus int(1) not null default '0',
			idx int(8) not null default '0',
			`fieldname` varchar(140),
`url_method` varchar(140),
`required` int(1) not null default 0,
`hide_from_customer` int(1) not null default 0,
`placeholder` varchar(140),
parent varchar(140),
parentfield varchar(140),
parenttype varchar(140),
index parent(parent))
			ENGINE=InnoDB
			ROW_FORMAT=DYNAMIC
			CHARACTER SET=utf8mb4
			COLLATE=utf8mb4_unicode_ci
2025-03-31 18:26:17,231 WARNING database DDL Query made to DB:
create table `tabHD Article Feedback` (
			name varchar(140) primary key,
			creation datetime(6),
			modified datetime(6),
			modified_by varchar(140),
			owner varchar(140),
			docstatus int(1) not null default '0',
			idx int(8) not null default '0',
			`article` varchar(140),
`user` varchar(140),
`feedback` varchar(140),
`_user_tags` text,
`_comments` text,
`_assign` text,
`_liked_by` text,
index modified(modified))
			ENGINE=InnoDB
			ROW_FORMAT=DYNAMIC
			CHARACTER SET=utf8mb4
			COLLATE=utf8mb4_unicode_ci
2025-03-31 18:26:30,293 WARNING database DDL Query made to DB:
alter table `tabDocType` add column if not exists migration_hash varchar(140)
2025-03-31 18:26:30,900 WARNING database DDL Query made to DB:
ALTER TABLE `tabPrint Heading` DROP INDEX `print_heading`
2025-03-31 18:26:31,544 WARNING database DDL Query made to DB:
ALTER TABLE `tabPrint Heading` ADD UNIQUE INDEX IF NOT EXISTS print_heading (`print_heading`)
2025-03-31 18:29:55,303 WARNING database DDL Query made to DB:
DROP TABLE IF EXISTS `tabHD Organization Contact Item`
2025-03-31 18:29:55,348 WARNING database DDL Query made to DB:
DROP TABLE IF EXISTS `tabHD Ticket Priority`
2025-03-31 18:29:55,413 WARNING database DDL Query made to DB:
DROP TABLE IF EXISTS `tabHD Synonym`
2025-03-31 18:29:55,456 WARNING database DDL Query made to DB:
DROP TABLE IF EXISTS `tabHD Notification`
2025-03-31 18:29:55,496 WARNING database DDL Query made to DB:
DROP TABLE IF EXISTS `tabHD Service Holiday List`
2025-03-31 18:29:55,533 WARNING database DDL Query made to DB:
DROP TABLE IF EXISTS `tabHD View`
2025-03-31 18:29:55,572 WARNING database DDL Query made to DB:
DROP TABLE IF EXISTS `tabHD Support Search Source`
2025-03-31 18:29:55,603 WARNING database DDL Query made to DB:
DROP TABLE IF EXISTS `tabHD Team Member`
2025-03-31 18:29:55,635 WARNING database DDL Query made to DB:
DROP TABLE IF EXISTS `tabHD Synonyms`
2025-03-31 18:29:55,667 WARNING database DDL Query made to DB:
DROP TABLE IF EXISTS `tabHD Canned Response`
2025-03-31 18:29:55,703 WARNING database DDL Query made to DB:
DROP TABLE IF EXISTS `tabHD Service Level Priority`
2025-03-31 18:29:55,736 WARNING database DDL Query made to DB:
DROP TABLE IF EXISTS `tabHD Team`
2025-03-31 18:29:55,775 WARNING database DDL Query made to DB:
DROP TABLE IF EXISTS `tabHD Action`
2025-03-31 18:29:55,813 WARNING database DDL Query made to DB:
DROP TABLE IF EXISTS `tabHD Customer`
2025-03-31 18:29:55,843 WARNING database DDL Query made to DB:
DROP TABLE IF EXISTS `tabHD Ticket Template`
2025-03-31 18:29:55,880 WARNING database DDL Query made to DB:
DROP TABLE IF EXISTS `tabHD Agent`
2025-03-31 18:29:55,908 WARNING database DDL Query made to DB:
DROP TABLE IF EXISTS `tabHD Service Level Agreement Fulfilled On Status`
2025-03-31 18:29:55,944 WARNING database DDL Query made to DB:
DROP TABLE IF EXISTS `tabHD Escalation Rule`
2025-03-31 18:29:55,984 WARNING database DDL Query made to DB:
DROP TABLE IF EXISTS `tabHD Service Level Agreement`
2025-03-31 18:29:56,020 WARNING database DDL Query made to DB:
DROP TABLE IF EXISTS `tabHD Pause Service Level Agreement On Status`
2025-03-31 18:29:56,053 WARNING database DDL Query made to DB:
DROP TABLE IF EXISTS `tabHD Stopword`
2025-03-31 18:29:56,084 WARNING database DDL Query made to DB:
DROP TABLE IF EXISTS `tabHD Portal Signup Request`
2025-03-31 18:29:56,116 WARNING database DDL Query made to DB:
DROP TABLE IF EXISTS `tabHD Ticket Template Field`
2025-03-31 18:29:56,151 WARNING database DDL Query made to DB:
DROP TABLE IF EXISTS `tabHD Ticket Activity`
2025-03-31 18:29:56,184 WARNING database DDL Query made to DB:
DROP TABLE IF EXISTS `tabHD Article Feedback`
2025-03-31 18:29:56,226 WARNING database DDL Query made to DB:
DROP TABLE IF EXISTS `tabHD Service Day`
2025-03-31 18:29:56,263 WARNING database DDL Query made to DB:
DROP TABLE IF EXISTS `tabHD Ticket Type`
2025-03-31 18:29:56,308 WARNING database DDL Query made to DB:
DROP TABLE IF EXISTS `tabHD Holiday`
2025-03-31 18:29:56,344 WARNING database DDL Query made to DB:
DROP TABLE IF EXISTS `tabHD Article`
2025-03-31 18:29:56,376 WARNING database DDL Query made to DB:
DROP TABLE IF EXISTS `tabHD Desk Account Request`
2025-03-31 18:29:56,408 WARNING database DDL Query made to DB:
DROP TABLE IF EXISTS `tabHD Preset Filter`
2025-03-31 18:29:56,444 WARNING database DDL Query made to DB:
DROP TABLE IF EXISTS `tabHD Preset Filter Item`
2025-03-31 18:29:56,480 WARNING database DDL Query made to DB:
DROP TABLE IF EXISTS `tabHD Ticket Feedback Option`
2025-03-31 18:29:56,564 WARNING database DDL Query made to DB:
DROP TABLE IF EXISTS `tabHD Ticket`
2025-03-31 18:29:56,595 WARNING database DDL Query made to DB:
DROP TABLE IF EXISTS `tabHD Article Category`
2025-03-31 18:29:56,632 WARNING database DDL Query made to DB:
DROP TABLE IF EXISTS `tabHD Organization`
2025-03-31 18:29:56,669 WARNING database DDL Query made to DB:
DROP TABLE IF EXISTS `tabHD Ticket Comment`
2025-03-31 18:29:56,706 WARNING database DDL Query made to DB:
DROP TABLE IF EXISTS `tabHD Form Script`
2025-03-31 18:33:22,201 WARNING database DDL Query made to DB:
create table `tabHD Ticket Template` (
			name varchar(140) primary key,
			creation datetime(6),
			modified datetime(6),
			modified_by varchar(140),
			owner varchar(140),
			docstatus int(1) not null default '0',
			idx int(8) not null default '0',
			`template_name` varchar(140) unique,
`about` longtext,
`_user_tags` text,
`_comments` text,
`_assign` text,
`_liked_by` text,
index modified(modified))
			ENGINE=InnoDB
			ROW_FORMAT=DYNAMIC
			CHARACTER SET=utf8mb4
			COLLATE=utf8mb4_unicode_ci
2025-03-31 18:33:22,304 WARNING database DDL Query made to DB:
create table `tabHD Team` (
			name varchar(140) primary key,
			creation datetime(6),
			modified datetime(6),
			modified_by varchar(140),
			owner varchar(140),
			docstatus int(1) not null default '0',
			idx int(8) not null default '0',
			`team_name` varchar(140) unique,
`assignment_rule` varchar(140),
`ignore_restrictions` int(1) not null default 0,
`_user_tags` text,
`_comments` text,
`_assign` text,
`_liked_by` text,
index modified(modified))
			ENGINE=InnoDB
			ROW_FORMAT=DYNAMIC
			CHARACTER SET=utf8mb4
			COLLATE=utf8mb4_unicode_ci
2025-03-31 18:33:22,392 WARNING database DDL Query made to DB:
create table `tabHD Pause Service Level Agreement On Status` (
			name varchar(140) primary key,
			creation datetime(6),
			modified datetime(6),
			modified_by varchar(140),
			owner varchar(140),
			docstatus int(1) not null default '0',
			idx int(8) not null default '0',
			`status` varchar(140),
parent varchar(140),
parentfield varchar(140),
parenttype varchar(140),
index parent(parent))
			ENGINE=InnoDB
			ROW_FORMAT=DYNAMIC
			CHARACTER SET=utf8mb4
			COLLATE=utf8mb4_unicode_ci
2025-03-31 18:33:22,452 WARNING database DDL Query made to DB:
create sequence if not exists hd_preset_filter_item_id_seq nocache nocycle
2025-03-31 18:33:22,468 WARNING database DDL Query made to DB:
create table `tabHD Preset Filter Item` (
			name bigint primary key,
			creation datetime(6),
			modified datetime(6),
			modified_by varchar(140),
			owner varchar(140),
			docstatus int(1) not null default '0',
			idx int(8) not null default '0',
			`label` varchar(140),
`fieldname` varchar(140),
`filter_type` varchar(140),
`value` varchar(140),
parent varchar(140),
parentfield varchar(140),
parenttype varchar(140),
index parent(parent))
			ENGINE=InnoDB
			ROW_FORMAT=DYNAMIC
			CHARACTER SET=utf8mb4
			COLLATE=utf8mb4_unicode_ci
2025-03-31 18:33:22,538 WARNING database DDL Query made to DB:
create table `tabHD Article Category` (
			name varchar(140) primary key,
			creation datetime(6),
			modified datetime(6),
			modified_by varchar(140),
			owner varchar(140),
			docstatus int(1) not null default '0',
			idx int(8) not null default '0',
			`category_name` varchar(140),
`description` text,
`icon` varchar(140),
`_user_tags` text,
`_comments` text,
`_assign` text,
`_liked_by` text,
index modified(modified))
			ENGINE=InnoDB
			ROW_FORMAT=DYNAMIC
			CHARACTER SET=utf8mb4
			COLLATE=utf8mb4_unicode_ci
2025-03-31 18:33:22,618 WARNING database DDL Query made to DB:
create table `tabHD Ticket Priority` (
			name varchar(140) primary key,
			creation datetime(6),
			modified datetime(6),
			modified_by varchar(140),
			owner varchar(140),
			docstatus int(1) not null default '0',
			idx int(8) not null default '0',
			`integer_value` int(11) not null default 0,
`description` text,
`_user_tags` text,
`_comments` text,
`_assign` text,
`_liked_by` text,
index modified(modified))
			ENGINE=InnoDB
			ROW_FORMAT=DYNAMIC
			CHARACTER SET=utf8mb4
			COLLATE=utf8mb4_unicode_ci
2025-03-31 18:33:22,741 WARNING database DDL Query made to DB:
create table `tabHD Action` (
			name varchar(140) primary key,
			creation datetime(6),
			modified datetime(6),
			modified_by varchar(140),
			owner varchar(140),
			docstatus int(1) not null default '0',
			idx int(8) not null default '0',
			`is_enabled` int(1) not null default 0,
`button_label` varchar(140),
`button_icon` varchar(140),
`is_external_link` int(1) not null default 0,
`action` longtext,
`cond_hidden` longtext,
`_user_tags` text,
`_comments` text,
`_assign` text,
`_liked_by` text,
index modified(modified))
			ENGINE=InnoDB
			ROW_FORMAT=DYNAMIC
			CHARACTER SET=utf8mb4
			COLLATE=utf8mb4_unicode_ci
2025-03-31 18:33:22,892 WARNING database DDL Query made to DB:
create table `tabHD Service Day` (
			name varchar(140) primary key,
			creation datetime(6),
			modified datetime(6),
			modified_by varchar(140),
			owner varchar(140),
			docstatus int(1) not null default '0',
			idx int(8) not null default '0',
			`workday` varchar(140),
`start_time` time(6),
`end_time` time(6),
parent varchar(140),
parentfield varchar(140),
parenttype varchar(140),
index parent(parent))
			ENGINE=InnoDB
			ROW_FORMAT=DYNAMIC
			CHARACTER SET=utf8mb4
			COLLATE=utf8mb4_unicode_ci
2025-03-31 18:33:23,108 WARNING database DDL Query made to DB:
create table `tabHD Support Search Source` (
			name varchar(140) primary key,
			creation datetime(6),
			modified datetime(6),
			modified_by varchar(140),
			owner varchar(140),
			docstatus int(1) not null default '0',
			idx int(8) not null default '0',
			`source_name` varchar(140),
`source_type` varchar(140),
`base_url` varchar(140),
`query_route` varchar(140),
`search_term_param_name` varchar(140),
`response_result_key_path` varchar(140),
`post_route` varchar(140),
`post_route_key_list` varchar(140),
`post_title_key` varchar(140),
`post_description_key` varchar(140),
`source_doctype` varchar(140),
`result_title_field` varchar(140),
`result_preview_field` varchar(140),
`result_route_field` varchar(140),
parent varchar(140),
parentfield varchar(140),
parenttype varchar(140),
index parent(parent))
			ENGINE=InnoDB
			ROW_FORMAT=DYNAMIC
			CHARACTER SET=utf8mb4
			COLLATE=utf8mb4_unicode_ci
2025-03-31 18:33:23,182 WARNING database DDL Query made to DB:
create table `tabHD Agent` (
			name varchar(140) primary key,
			creation datetime(6),
			modified datetime(6),
			modified_by varchar(140),
			owner varchar(140),
			docstatus int(1) not null default '0',
			idx int(8) not null default '0',
			`user` varchar(140),
`agent_name` varchar(140),
`user_image` varchar(140),
`is_active` int(1) not null default 1,
`_user_tags` text,
`_comments` text,
`_assign` text,
`_liked_by` text,
index modified(modified))
			ENGINE=InnoDB
			ROW_FORMAT=DYNAMIC
			CHARACTER SET=utf8mb4
			COLLATE=utf8mb4_unicode_ci
2025-03-31 18:33:23,265 WARNING database DDL Query made to DB:
create table `tabHD Synonyms` (
			name varchar(140) primary key,
			creation datetime(6),
			modified datetime(6),
			modified_by varchar(140),
			owner varchar(140),
			docstatus int(1) not null default '0',
			idx int(8) not null default '0',
			`word` varchar(140) unique,
`_user_tags` text,
`_comments` text,
`_assign` text,
`_liked_by` text,
index modified(modified))
			ENGINE=InnoDB
			ROW_FORMAT=DYNAMIC
			CHARACTER SET=utf8mb4
			COLLATE=utf8mb4_unicode_ci
2025-03-31 18:33:23,371 WARNING database DDL Query made to DB:
create table `tabHD Service Level Agreement` (
			name varchar(140) primary key,
			creation datetime(6),
			modified datetime(6),
			modified_by varchar(140),
			owner varchar(140),
			docstatus int(1) not null default '0',
			idx int(8) not null default '0',
			`default_priority` varchar(140),
`service_level` varchar(140) unique,
`enabled` int(1) not null default 1,
`default_sla` int(1) not null default 0,
`condition` longtext,
`start_date` date,
`end_date` date,
`apply_sla_for_resolution` int(1) not null default 1,
`holiday_list` varchar(140),
`_user_tags` text,
`_comments` text,
`_assign` text,
`_liked_by` text,
index modified(modified))
			ENGINE=InnoDB
			ROW_FORMAT=DYNAMIC
			CHARACTER SET=utf8mb4
			COLLATE=utf8mb4_unicode_ci
2025-03-31 18:33:23,497 WARNING database DDL Query made to DB:
create sequence if not exists hd_ticket_id_seq nocache nocycle
2025-03-31 18:33:23,513 WARNING database DDL Query made to DB:
create table `tabHD Ticket` (
			name bigint primary key,
			creation datetime(6),
			modified datetime(6),
			modified_by varchar(140),
			owner varchar(140),
			docstatus int(1) not null default '0',
			idx int(8) not null default '0',
			`subject` varchar(140),
`raised_by` varchar(140),
`status` varchar(140) default 'Open',
`priority` varchar(140),
`ticket_type` varchar(140),
`agent_group` varchar(140),
`ticket_split_from` varchar(140),
`description` longtext,
`template` varchar(140),
`sla` varchar(140),
`response_by` datetime(6),
`agreement_status` varchar(140),
`resolution_by` datetime(6),
`service_level_agreement_creation` datetime(6),
`on_hold_since` datetime(6),
`total_hold_time` decimal(21,9),
`first_response_time` decimal(21,9),
`first_responded_on` datetime(6),
`avg_response_time` decimal(21,9),
`resolution_details` longtext,
`opening_date` date,
`opening_time` time(6),
`resolution_date` datetime(6),
`resolution_time` decimal(21,9),
`user_resolution_time` decimal(21,9),
`contact` varchar(140),
`customer` varchar(140),
`email_account` varchar(140),
`via_customer_portal` int(1) not null default 0,
`attachment` text,
`content_type` varchar(140),
`feedback_rating` decimal(3,2),
`feedback_text` varchar(140),
`feedback` varchar(140),
`feedback_extra` longtext,
`_user_tags` text,
`_comments` text,
`_assign` text,
`_liked_by` text,
`_seen` text,
index `status`(`status`),
index modified(modified))
			ENGINE=InnoDB
			ROW_FORMAT=DYNAMIC
			CHARACTER SET=utf8mb4
			COLLATE=utf8mb4_unicode_ci
2025-03-31 18:33:23,602 WARNING database DDL Query made to DB:
create table `tabHD Preset Filter` (
			name varchar(140) primary key,
			creation datetime(6),
			modified datetime(6),
			modified_by varchar(140),
			owner varchar(140),
			docstatus int(1) not null default '0',
			idx int(8) not null default '0',
			`title` varchar(140),
`reference_doctype` varchar(140),
`type` varchar(140),
`user` varchar(140),
`_user_tags` text,
`_comments` text,
`_assign` text,
`_liked_by` text,
index modified(modified))
			ENGINE=InnoDB
			ROW_FORMAT=DYNAMIC
			CHARACTER SET=utf8mb4
			COLLATE=utf8mb4_unicode_ci
2025-03-31 18:33:23,684 WARNING database DDL Query made to DB:
create table `tabHD Organization` (
			name varchar(140) primary key,
			creation datetime(6),
			modified datetime(6),
			modified_by varchar(140),
			owner varchar(140),
			docstatus int(1) not null default '0',
			idx int(8) not null default '0',
			`organization_name` varchar(140) unique,
`_user_tags` text,
`_comments` text,
`_assign` text,
`_liked_by` text,
index modified(modified))
			ENGINE=InnoDB
			ROW_FORMAT=DYNAMIC
			CHARACTER SET=utf8mb4
			COLLATE=utf8mb4_unicode_ci
2025-03-31 18:33:23,765 WARNING database DDL Query made to DB:
create table `tabHD Portal Signup Request` (
			name varchar(140) primary key,
			creation datetime(6),
			modified datetime(6),
			modified_by varchar(140),
			owner varchar(140),
			docstatus int(1) not null default '0',
			idx int(8) not null default '0',
			`request_key` varchar(140),
`user` varchar(140),
`_user_tags` text,
`_comments` text,
`_assign` text,
`_liked_by` text,
index modified(modified))
			ENGINE=InnoDB
			ROW_FORMAT=DYNAMIC
			CHARACTER SET=utf8mb4
			COLLATE=utf8mb4_unicode_ci
2025-03-31 18:33:23,872 WARNING database DDL Query made to DB:
create table `tabHD Form Script` (
			name varchar(140) primary key,
			creation datetime(6),
			modified datetime(6),
			modified_by varchar(140),
			owner varchar(140),
			docstatus int(1) not null default '0',
			idx int(8) not null default '0',
			`dt` varchar(140),
`apply_to` varchar(140) default 'Form',
`enabled` int(1) not null default 0,
`apply_to_customer_portal` int(1) not null default 0,
`script` longtext default 'function setupForm({ doc }) {\n    return {\n        actions: [],\n    }\n}',
`_user_tags` text,
`_comments` text,
`_assign` text,
`_liked_by` text,
index modified(modified))
			ENGINE=InnoDB
			ROW_FORMAT=DYNAMIC
			CHARACTER SET=utf8mb4
			COLLATE=utf8mb4_unicode_ci
2025-03-31 18:33:23,959 WARNING database DDL Query made to DB:
create table `tabHD Article` (
			name varchar(140) primary key,
			creation datetime(6),
			modified datetime(6),
			modified_by varchar(140),
			owner varchar(140),
			docstatus int(1) not null default '0',
			idx int(8) not null default '0',
			`title` varchar(140),
`status` varchar(140) default 'Draft',
`published_on` datetime(6),
`views` int(11) not null default 0,
`category` varchar(140),
`author` varchar(140),
`content` longtext,
`_user_tags` text,
`_comments` text,
`_assign` text,
`_liked_by` text,
index modified(modified))
			ENGINE=InnoDB
			ROW_FORMAT=DYNAMIC
			CHARACTER SET=utf8mb4
			COLLATE=utf8mb4_unicode_ci
2025-03-31 18:33:24,053 WARNING database DDL Query made to DB:
create table `tabHD Service Holiday List` (
			name varchar(140) primary key,
			creation datetime(6),
			modified datetime(6),
			modified_by varchar(140),
			owner varchar(140),
			docstatus int(1) not null default '0',
			idx int(8) not null default '0',
			`holiday_list_name` varchar(140) unique,
`from_date` date,
`to_date` date,
`total_holidays` int(11) not null default 0,
`weekly_off` varchar(140),
`color` varchar(140),
`_user_tags` text,
`_comments` text,
`_assign` text,
`_liked_by` text,
index modified(modified))
			ENGINE=InnoDB
			ROW_FORMAT=DYNAMIC
			CHARACTER SET=utf8mb4
			COLLATE=utf8mb4_unicode_ci
2025-03-31 18:33:24,159 WARNING database DDL Query made to DB:
create table `tabHD Escalation Rule` (
			name varchar(140) primary key,
			creation datetime(6),
			modified datetime(6),
			modified_by varchar(140),
			owner varchar(140),
			docstatus int(1) not null default '0',
			idx int(8) not null default '0',
			`is_enabled` int(1) not null default 0,
`priority` varchar(140),
`team` varchar(140),
`ticket_type` varchar(140),
`to_agent` varchar(140),
`to_team` varchar(140),
`to_priority` varchar(140),
`to_ticket_type` varchar(140),
`_user_tags` text,
`_comments` text,
`_assign` text,
`_liked_by` text,
index modified(modified))
			ENGINE=InnoDB
			ROW_FORMAT=DYNAMIC
			CHARACTER SET=utf8mb4
			COLLATE=utf8mb4_unicode_ci
2025-03-31 18:33:24,253 WARNING database DDL Query made to DB:
create table `tabHD Ticket Activity` (
			name varchar(140) primary key,
			creation datetime(6),
			modified datetime(6),
			modified_by varchar(140),
			owner varchar(140),
			docstatus int(1) not null default '0',
			idx int(8) not null default '0',
			`ticket` varchar(140),
`action` varchar(140),
`_user_tags` text,
`_comments` text,
`_assign` text,
`_liked_by` text,
index modified(modified))
			ENGINE=InnoDB
			ROW_FORMAT=DYNAMIC
			CHARACTER SET=utf8mb4
			COLLATE=utf8mb4_unicode_ci
2025-03-31 18:33:24,336 WARNING database DDL Query made to DB:
create table `tabHD Service Level Agreement Fulfilled On Status` (
			name varchar(140) primary key,
			creation datetime(6),
			modified datetime(6),
			modified_by varchar(140),
			owner varchar(140),
			docstatus int(1) not null default '0',
			idx int(8) not null default '0',
			`status` varchar(140),
parent varchar(140),
parentfield varchar(140),
parenttype varchar(140),
index parent(parent))
			ENGINE=InnoDB
			ROW_FORMAT=DYNAMIC
			CHARACTER SET=utf8mb4
			COLLATE=utf8mb4_unicode_ci
2025-03-31 18:33:24,441 WARNING database DDL Query made to DB:
create table `tabHD Customer` (
			name varchar(140) primary key,
			creation datetime(6),
			modified datetime(6),
			modified_by varchar(140),
			owner varchar(140),
			docstatus int(1) not null default '0',
			idx int(8) not null default '0',
			`image` text,
`customer_name` varchar(140) unique,
`domain` varchar(140),
`_user_tags` text,
`_comments` text,
`_assign` text,
`_liked_by` text,
index modified(modified))
			ENGINE=InnoDB
			ROW_FORMAT=DYNAMIC
			CHARACTER SET=utf8mb4
			COLLATE=utf8mb4_unicode_ci
2025-03-31 18:33:24,529 WARNING database DDL Query made to DB:
create table `tabHD Holiday` (
			name varchar(140) primary key,
			creation datetime(6),
			modified datetime(6),
			modified_by varchar(140),
			owner varchar(140),
			docstatus int(1) not null default '0',
			idx int(8) not null default '0',
			`holiday_date` date,
`weekly_off` int(1) not null default 0,
`description` longtext,
parent varchar(140),
parentfield varchar(140),
parenttype varchar(140),
index parent(parent))
			ENGINE=InnoDB
			ROW_FORMAT=DYNAMIC
			CHARACTER SET=utf8mb4
			COLLATE=utf8mb4_unicode_ci
2025-03-31 18:33:24,607 WARNING database DDL Query made to DB:
create table `tabHD Notification` (
			name varchar(140) primary key,
			creation datetime(6),
			modified datetime(6),
			modified_by varchar(140),
			owner varchar(140),
			docstatus int(1) not null default '0',
			idx int(8) not null default '0',
			`read` int(1) not null default 0,
`user_from` varchar(140),
`user_to` varchar(140),
`notification_type` varchar(140),
`reference_ticket` varchar(140),
`reference_comment` varchar(140),
`message` text,
`_user_tags` text,
`_comments` text,
`_assign` text,
`_liked_by` text,
index modified(modified))
			ENGINE=InnoDB
			ROW_FORMAT=DYNAMIC
			CHARACTER SET=utf8mb4
			COLLATE=utf8mb4_unicode_ci
2025-03-31 18:33:24,687 WARNING database DDL Query made to DB:
create table `tabHD Synonym` (
			name varchar(140) primary key,
			creation datetime(6),
			modified datetime(6),
			modified_by varchar(140),
			owner varchar(140),
			docstatus int(1) not null default '0',
			idx int(8) not null default '0',
			`synonym` varchar(140) unique,
parent varchar(140),
parentfield varchar(140),
parenttype varchar(140),
index parent(parent))
			ENGINE=InnoDB
			ROW_FORMAT=DYNAMIC
			CHARACTER SET=utf8mb4
			COLLATE=utf8mb4_unicode_ci
2025-03-31 18:33:24,777 WARNING database DDL Query made to DB:
create table `tabHD View` (
			name varchar(140) primary key,
			creation datetime(6),
			modified datetime(6),
			modified_by varchar(140),
			owner varchar(140),
			docstatus int(1) not null default '0',
			idx int(8) not null default '0',
			`label` varchar(140),
`icon` varchar(140),
`user` varchar(140),
`is_default` int(1) not null default 0,
`is_customer_portal` int(1) not null default 0,
`type` varchar(140) default 'list',
`dt` varchar(140),
`route_name` varchar(140),
`pinned` int(1) not null default 0,
`public` int(1) not null default 0,
`filters` longtext,
`order_by` longtext,
`load_default_columns` int(1) not null default 0,
`columns` longtext,
`rows` longtext,
`group_by_field` varchar(140),
`_user_tags` text,
`_comments` text,
`_assign` text,
`_liked_by` text,
index modified(modified))
			ENGINE=InnoDB
			ROW_FORMAT=DYNAMIC
			CHARACTER SET=utf8mb4
			COLLATE=utf8mb4_unicode_ci
2025-03-31 18:33:24,873 WARNING database DDL Query made to DB:
create table `tabHD Ticket Type` (
			name varchar(140) primary key,
			creation datetime(6),
			modified datetime(6),
			modified_by varchar(140),
			owner varchar(140),
			docstatus int(1) not null default '0',
			idx int(8) not null default '0',
			`is_system` int(1) not null default 0,
`description` text,
`priority` varchar(140),
`_user_tags` text,
`_comments` text,
`_assign` text,
`_liked_by` text,
index modified(modified))
			ENGINE=InnoDB
			ROW_FORMAT=DYNAMIC
			CHARACTER SET=utf8mb4
			COLLATE=utf8mb4_unicode_ci
2025-03-31 18:33:24,947 WARNING database DDL Query made to DB:
create sequence if not exists hd_team_member_id_seq nocache nocycle
2025-03-31 18:33:24,961 WARNING database DDL Query made to DB:
create table `tabHD Team Member` (
			name bigint primary key,
			creation datetime(6),
			modified datetime(6),
			modified_by varchar(140),
			owner varchar(140),
			docstatus int(1) not null default '0',
			idx int(8) not null default '0',
			`user` varchar(140),
parent varchar(140),
parentfield varchar(140),
parenttype varchar(140),
index parent(parent))
			ENGINE=InnoDB
			ROW_FORMAT=DYNAMIC
			CHARACTER SET=utf8mb4
			COLLATE=utf8mb4_unicode_ci
2025-03-31 18:33:25,038 WARNING database DDL Query made to DB:
create table `tabHD Desk Account Request` (
			name varchar(140) primary key,
			creation datetime(6),
			modified datetime(6),
			modified_by varchar(140),
			owner varchar(140),
			docstatus int(1) not null default '0',
			idx int(8) not null default '0',
			`request_key` varchar(140),
`ip_address` varchar(140),
`email` varchar(140) unique,
`user` varchar(140),
`_user_tags` text,
`_comments` text,
`_assign` text,
`_liked_by` text,
index modified(modified))
			ENGINE=InnoDB
			ROW_FORMAT=DYNAMIC
			CHARACTER SET=utf8mb4
			COLLATE=utf8mb4_unicode_ci
2025-03-31 18:33:25,113 WARNING database DDL Query made to DB:
create table `tabHD Ticket Feedback Option` (
			name varchar(140) primary key,
			creation datetime(6),
			modified datetime(6),
			modified_by varchar(140),
			owner varchar(140),
			docstatus int(1) not null default '0',
			idx int(8) not null default '0',
			`rating` decimal(3,2),
`label` varchar(140) unique,
`_user_tags` text,
`_comments` text,
`_assign` text,
`_liked_by` text,
index modified(modified))
			ENGINE=InnoDB
			ROW_FORMAT=DYNAMIC
			CHARACTER SET=utf8mb4
			COLLATE=utf8mb4_unicode_ci
2025-03-31 18:33:25,200 WARNING database DDL Query made to DB:
create table `tabHD Service Level Priority` (
			name varchar(140) primary key,
			creation datetime(6),
			modified datetime(6),
			modified_by varchar(140),
			owner varchar(140),
			docstatus int(1) not null default '0',
			idx int(8) not null default '0',
			`default_priority` int(1) not null default 0,
`priority` varchar(140),
`response_time` decimal(21,9),
`resolution_time` decimal(21,9),
parent varchar(140),
parentfield varchar(140),
parenttype varchar(140),
index parent(parent))
			ENGINE=InnoDB
			ROW_FORMAT=DYNAMIC
			CHARACTER SET=utf8mb4
			COLLATE=utf8mb4_unicode_ci
2025-03-31 18:33:25,285 WARNING database DDL Query made to DB:
create table `tabHD Organization Contact Item` (
			name varchar(140) primary key,
			creation datetime(6),
			modified datetime(6),
			modified_by varchar(140),
			owner varchar(140),
			docstatus int(1) not null default '0',
			idx int(8) not null default '0',
			`contact` varchar(140),
parent varchar(140),
parentfield varchar(140),
parenttype varchar(140),
index parent(parent))
			ENGINE=InnoDB
			ROW_FORMAT=DYNAMIC
			CHARACTER SET=utf8mb4
			COLLATE=utf8mb4_unicode_ci
2025-03-31 18:33:25,363 WARNING database DDL Query made to DB:
create table `tabHD Stopword` (
			name varchar(140) primary key,
			creation datetime(6),
			modified datetime(6),
			modified_by varchar(140),
			owner varchar(140),
			docstatus int(1) not null default '0',
			idx int(8) not null default '0',
			`word` varchar(140) unique,
`enabled` int(1) not null default 1,
`_user_tags` text,
`_comments` text,
`_assign` text,
`_liked_by` text,
index modified(modified))
			ENGINE=InnoDB
			ROW_FORMAT=DYNAMIC
			CHARACTER SET=utf8mb4
			COLLATE=utf8mb4_unicode_ci
2025-03-31 18:33:25,444 WARNING database DDL Query made to DB:
create table `tabHD Ticket Comment` (
			name varchar(140) primary key,
			creation datetime(6),
			modified datetime(6),
			modified_by varchar(140),
			owner varchar(140),
			docstatus int(1) not null default '0',
			idx int(8) not null default '0',
			`reference_ticket` varchar(140),
`commented_by` varchar(140),
`is_pinned` int(1) not null default 0,
`content` longtext,
`_user_tags` text,
`_comments` text,
`_assign` text,
`_liked_by` text,
index `reference_ticket`(`reference_ticket`),
index modified(modified))
			ENGINE=InnoDB
			ROW_FORMAT=DYNAMIC
			CHARACTER SET=utf8mb4
			COLLATE=utf8mb4_unicode_ci
2025-03-31 18:33:25,528 WARNING database DDL Query made to DB:
create table `tabHD Canned Response` (
			name varchar(140) primary key,
			creation datetime(6),
			modified datetime(6),
			modified_by varchar(140),
			owner varchar(140),
			docstatus int(1) not null default '0',
			idx int(8) not null default '0',
			`title` varchar(140),
`message` longtext,
`_user_tags` text,
`_comments` text,
`_assign` text,
`_liked_by` text,
index modified(modified))
			ENGINE=InnoDB
			ROW_FORMAT=DYNAMIC
			CHARACTER SET=utf8mb4
			COLLATE=utf8mb4_unicode_ci
2025-03-31 18:33:25,612 WARNING database DDL Query made to DB:
create table `tabHD Ticket Template Field` (
			name varchar(140) primary key,
			creation datetime(6),
			modified datetime(6),
			modified_by varchar(140),
			owner varchar(140),
			docstatus int(1) not null default '0',
			idx int(8) not null default '0',
			`fieldname` varchar(140),
`url_method` varchar(140),
`required` int(1) not null default 0,
`hide_from_customer` int(1) not null default 0,
`placeholder` varchar(140),
parent varchar(140),
parentfield varchar(140),
parenttype varchar(140),
index parent(parent))
			ENGINE=InnoDB
			ROW_FORMAT=DYNAMIC
			CHARACTER SET=utf8mb4
			COLLATE=utf8mb4_unicode_ci
2025-03-31 18:33:25,684 WARNING database DDL Query made to DB:
create table `tabHD Article Feedback` (
			name varchar(140) primary key,
			creation datetime(6),
			modified datetime(6),
			modified_by varchar(140),
			owner varchar(140),
			docstatus int(1) not null default '0',
			idx int(8) not null default '0',
			`article` varchar(140),
`user` varchar(140),
`feedback` varchar(140),
`_user_tags` text,
`_comments` text,
`_assign` text,
`_liked_by` text,
index modified(modified))
			ENGINE=InnoDB
			ROW_FORMAT=DYNAMIC
			CHARACTER SET=utf8mb4
			COLLATE=utf8mb4_unicode_ci
2025-03-31 18:34:11,559 WARNING database DDL Query made to DB:
alter table `tabDocType` add column if not exists migration_hash varchar(140)
2025-03-31 18:34:12,250 WARNING database DDL Query made to DB:
ALTER TABLE `tabPrint Heading` DROP INDEX `print_heading`
2025-03-31 18:34:13,007 WARNING database DDL Query made to DB:
ALTER TABLE `tabPrint Heading` ADD UNIQUE INDEX IF NOT EXISTS print_heading (`print_heading`)
2025-03-31 18:37:49,852 WARNING database DDL Query made to DB:
alter table `tabDocType` add column if not exists migration_hash varchar(140)
2025-03-31 18:37:50,485 WARNING database DDL Query made to DB:
ALTER TABLE `tabPrint Heading` DROP INDEX `print_heading`
2025-03-31 18:37:51,092 WARNING database DDL Query made to DB:
ALTER TABLE `tabPrint Heading` ADD UNIQUE INDEX IF NOT EXISTS print_heading (`print_heading`)
2025-03-31 18:42:48,507 WARNING database DDL Query made to DB:
DROP TABLE IF EXISTS `tabHD Preset Filter Item`
2025-03-31 18:42:48,560 WARNING database DDL Query made to DB:
DROP TABLE IF EXISTS `tabHD Article Category`
2025-03-31 18:42:48,615 WARNING database DDL Query made to DB:
DROP TABLE IF EXISTS `tabHD Ticket Template Field`
2025-03-31 18:42:48,668 WARNING database DDL Query made to DB:
DROP TABLE IF EXISTS `tabHD Team`
2025-03-31 18:42:48,707 WARNING database DDL Query made to DB:
DROP TABLE IF EXISTS `tabHD Support Search Source`
2025-03-31 18:42:48,739 WARNING database DDL Query made to DB:
DROP TABLE IF EXISTS `tabHD Notification`
2025-03-31 18:42:48,779 WARNING database DDL Query made to DB:
DROP TABLE IF EXISTS `tabHD Article Feedback`
2025-03-31 18:42:48,821 WARNING database DDL Query made to DB:
DROP TABLE IF EXISTS `tabHD View`
2025-03-31 18:42:48,853 WARNING database DDL Query made to DB:
DROP TABLE IF EXISTS `tabHD Team Member`
2025-03-31 18:42:48,890 WARNING database DDL Query made to DB:
DROP TABLE IF EXISTS `tabHD Ticket Type`
2025-03-31 18:42:48,923 WARNING database DDL Query made to DB:
DROP TABLE IF EXISTS `tabHD Service Level Priority`
2025-03-31 18:42:48,956 WARNING database DDL Query made to DB:
DROP TABLE IF EXISTS `tabHD Ticket Priority`
2025-03-31 18:42:48,991 WARNING database DDL Query made to DB:
DROP TABLE IF EXISTS `tabHD Customer`
2025-03-31 18:42:49,024 WARNING database DDL Query made to DB:
DROP TABLE IF EXISTS `tabHD Portal Signup Request`
2025-03-31 18:42:49,060 WARNING database DDL Query made to DB:
DROP TABLE IF EXISTS `tabHD Ticket Comment`
2025-03-31 18:42:49,098 WARNING database DDL Query made to DB:
DROP TABLE IF EXISTS `tabHD Desk Account Request`
2025-03-31 18:42:49,138 WARNING database DDL Query made to DB:
DROP TABLE IF EXISTS `tabHD Action`
2025-03-31 18:42:49,172 WARNING database DDL Query made to DB:
DROP TABLE IF EXISTS `tabHD Service Level Agreement Fulfilled On Status`
2025-03-31 18:42:49,205 WARNING database DDL Query made to DB:
DROP TABLE IF EXISTS `tabHD Service Day`
2025-03-31 18:42:49,236 WARNING database DDL Query made to DB:
DROP TABLE IF EXISTS `tabHD Organization Contact Item`
2025-03-31 18:42:49,296 WARNING database DDL Query made to DB:
DROP TABLE IF EXISTS `tabHD Ticket`
2025-03-31 18:42:49,337 WARNING database DDL Query made to DB:
DROP TABLE IF EXISTS `tabHD Agent`
2025-03-31 18:42:49,368 WARNING database DDL Query made to DB:
DROP TABLE IF EXISTS `tabHD Canned Response`
2025-03-31 18:42:49,408 WARNING database DDL Query made to DB:
DROP TABLE IF EXISTS `tabHD Service Holiday List`
2025-03-31 18:42:49,440 WARNING database DDL Query made to DB:
DROP TABLE IF EXISTS `tabHD Synonyms`
2025-03-31 18:42:49,475 WARNING database DDL Query made to DB:
DROP TABLE IF EXISTS `tabHD Ticket Activity`
2025-03-31 18:42:49,509 WARNING database DDL Query made to DB:
DROP TABLE IF EXISTS `tabHD Ticket Feedback Option`
2025-03-31 18:42:49,543 WARNING database DDL Query made to DB:
DROP TABLE IF EXISTS `tabHD Pause Service Level Agreement On Status`
2025-03-31 18:42:49,577 WARNING database DDL Query made to DB:
DROP TABLE IF EXISTS `tabHD Form Script`
2025-03-31 18:42:49,608 WARNING database DDL Query made to DB:
DROP TABLE IF EXISTS `tabHD Organization`
2025-03-31 18:42:49,643 WARNING database DDL Query made to DB:
DROP TABLE IF EXISTS `tabHD Holiday`
2025-03-31 18:42:49,683 WARNING database DDL Query made to DB:
DROP TABLE IF EXISTS `tabHD Escalation Rule`
2025-03-31 18:42:49,713 WARNING database DDL Query made to DB:
DROP TABLE IF EXISTS `tabHD Synonym`
2025-03-31 18:42:49,749 WARNING database DDL Query made to DB:
DROP TABLE IF EXISTS `tabHD Ticket Template`
2025-03-31 18:42:49,787 WARNING database DDL Query made to DB:
DROP TABLE IF EXISTS `tabHD Stopword`
2025-03-31 18:42:49,827 WARNING database DDL Query made to DB:
DROP TABLE IF EXISTS `tabHD Preset Filter`
2025-03-31 18:42:49,892 WARNING database DDL Query made to DB:
DROP TABLE IF EXISTS `tabHD Service Level Agreement`
2025-03-31 18:42:49,932 WARNING database DDL Query made to DB:
DROP TABLE IF EXISTS `tabHD Article`
2025-03-31 18:44:41,903 WARNING database DDL Query made to DB:
create table `tabHD Ticket Template` (
			name varchar(140) primary key,
			creation datetime(6),
			modified datetime(6),
			modified_by varchar(140),
			owner varchar(140),
			docstatus int(1) not null default '0',
			idx int(8) not null default '0',
			`template_name` varchar(140) unique,
`about` longtext,
`_user_tags` text,
`_comments` text,
`_assign` text,
`_liked_by` text,
index modified(modified))
			ENGINE=InnoDB
			ROW_FORMAT=DYNAMIC
			CHARACTER SET=utf8mb4
			COLLATE=utf8mb4_unicode_ci
2025-03-31 18:44:42,010 WARNING database DDL Query made to DB:
create table `tabHD Team` (
			name varchar(140) primary key,
			creation datetime(6),
			modified datetime(6),
			modified_by varchar(140),
			owner varchar(140),
			docstatus int(1) not null default '0',
			idx int(8) not null default '0',
			`team_name` varchar(140) unique,
`assignment_rule` varchar(140),
`ignore_restrictions` int(1) not null default 0,
`_user_tags` text,
`_comments` text,
`_assign` text,
`_liked_by` text,
index modified(modified))
			ENGINE=InnoDB
			ROW_FORMAT=DYNAMIC
			CHARACTER SET=utf8mb4
			COLLATE=utf8mb4_unicode_ci
2025-03-31 18:44:42,089 WARNING database DDL Query made to DB:
create table `tabHD Pause Service Level Agreement On Status` (
			name varchar(140) primary key,
			creation datetime(6),
			modified datetime(6),
			modified_by varchar(140),
			owner varchar(140),
			docstatus int(1) not null default '0',
			idx int(8) not null default '0',
			`status` varchar(140),
parent varchar(140),
parentfield varchar(140),
parenttype varchar(140),
index parent(parent))
			ENGINE=InnoDB
			ROW_FORMAT=DYNAMIC
			CHARACTER SET=utf8mb4
			COLLATE=utf8mb4_unicode_ci
2025-03-31 18:44:42,143 WARNING database DDL Query made to DB:
create sequence if not exists hd_preset_filter_item_id_seq nocache nocycle
2025-03-31 18:44:42,163 WARNING database DDL Query made to DB:
create table `tabHD Preset Filter Item` (
			name bigint primary key,
			creation datetime(6),
			modified datetime(6),
			modified_by varchar(140),
			owner varchar(140),
			docstatus int(1) not null default '0',
			idx int(8) not null default '0',
			`label` varchar(140),
`fieldname` varchar(140),
`filter_type` varchar(140),
`value` varchar(140),
parent varchar(140),
parentfield varchar(140),
parenttype varchar(140),
index parent(parent))
			ENGINE=InnoDB
			ROW_FORMAT=DYNAMIC
			CHARACTER SET=utf8mb4
			COLLATE=utf8mb4_unicode_ci
2025-03-31 18:44:42,250 WARNING database DDL Query made to DB:
create table `tabHD Article Category` (
			name varchar(140) primary key,
			creation datetime(6),
			modified datetime(6),
			modified_by varchar(140),
			owner varchar(140),
			docstatus int(1) not null default '0',
			idx int(8) not null default '0',
			`category_name` varchar(140),
`icon` varchar(140),
`description` text,
`status` varchar(140) default 'Published',
`lft` int(11) not null default 0,
`rgt` int(11) not null default 0,
`is_group` int(1) not null default 1,
`old_parent` varchar(140),
`parent_category` varchar(140),
`_user_tags` text,
`_comments` text,
`_assign` text,
`_liked_by` text,
index modified(modified))
			ENGINE=InnoDB
			ROW_FORMAT=DYNAMIC
			CHARACTER SET=utf8mb4
			COLLATE=utf8mb4_unicode_ci
2025-03-31 18:44:42,340 WARNING database DDL Query made to DB:
create table `tabHD Ticket Priority` (
			name varchar(140) primary key,
			creation datetime(6),
			modified datetime(6),
			modified_by varchar(140),
			owner varchar(140),
			docstatus int(1) not null default '0',
			idx int(8) not null default '0',
			`integer_value` int(11) not null default 0,
`description` text,
`_user_tags` text,
`_comments` text,
`_assign` text,
`_liked_by` text,
index modified(modified))
			ENGINE=InnoDB
			ROW_FORMAT=DYNAMIC
			CHARACTER SET=utf8mb4
			COLLATE=utf8mb4_unicode_ci
2025-03-31 18:44:42,435 WARNING database DDL Query made to DB:
create table `tabHD Action` (
			name varchar(140) primary key,
			creation datetime(6),
			modified datetime(6),
			modified_by varchar(140),
			owner varchar(140),
			docstatus int(1) not null default '0',
			idx int(8) not null default '0',
			`is_enabled` int(1) not null default 0,
`button_label` varchar(140),
`button_icon` varchar(140),
`is_external_link` int(1) not null default 0,
`action` longtext,
`cond_hidden` longtext,
`_user_tags` text,
`_comments` text,
`_assign` text,
`_liked_by` text,
index modified(modified))
			ENGINE=InnoDB
			ROW_FORMAT=DYNAMIC
			CHARACTER SET=utf8mb4
			COLLATE=utf8mb4_unicode_ci
2025-03-31 18:44:42,524 WARNING database DDL Query made to DB:
create table `tabHD Service Day` (
			name varchar(140) primary key,
			creation datetime(6),
			modified datetime(6),
			modified_by varchar(140),
			owner varchar(140),
			docstatus int(1) not null default '0',
			idx int(8) not null default '0',
			`workday` varchar(140),
`start_time` time(6),
`end_time` time(6),
parent varchar(140),
parentfield varchar(140),
parenttype varchar(140),
index parent(parent))
			ENGINE=InnoDB
			ROW_FORMAT=DYNAMIC
			CHARACTER SET=utf8mb4
			COLLATE=utf8mb4_unicode_ci
2025-03-31 18:44:42,712 WARNING database DDL Query made to DB:
create table `tabHD Support Search Source` (
			name varchar(140) primary key,
			creation datetime(6),
			modified datetime(6),
			modified_by varchar(140),
			owner varchar(140),
			docstatus int(1) not null default '0',
			idx int(8) not null default '0',
			`source_name` varchar(140),
`source_type` varchar(140),
`base_url` varchar(140),
`query_route` varchar(140),
`search_term_param_name` varchar(140),
`response_result_key_path` varchar(140),
`post_route` varchar(140),
`post_route_key_list` varchar(140),
`post_title_key` varchar(140),
`post_description_key` varchar(140),
`source_doctype` varchar(140),
`result_title_field` varchar(140),
`result_preview_field` varchar(140),
`result_route_field` varchar(140),
parent varchar(140),
parentfield varchar(140),
parenttype varchar(140),
index parent(parent))
			ENGINE=InnoDB
			ROW_FORMAT=DYNAMIC
			CHARACTER SET=utf8mb4
			COLLATE=utf8mb4_unicode_ci
2025-03-31 18:44:42,780 WARNING database DDL Query made to DB:
create table `tabHD Agent` (
			name varchar(140) primary key,
			creation datetime(6),
			modified datetime(6),
			modified_by varchar(140),
			owner varchar(140),
			docstatus int(1) not null default '0',
			idx int(8) not null default '0',
			`user` varchar(140),
`agent_name` varchar(140),
`user_image` varchar(140),
`is_active` int(1) not null default 1,
`_user_tags` text,
`_comments` text,
`_assign` text,
`_liked_by` text,
index modified(modified))
			ENGINE=InnoDB
			ROW_FORMAT=DYNAMIC
			CHARACTER SET=utf8mb4
			COLLATE=utf8mb4_unicode_ci
2025-03-31 18:44:42,885 WARNING database DDL Query made to DB:
create table `tabHD Service Level Agreement` (
			name varchar(140) primary key,
			creation datetime(6),
			modified datetime(6),
			modified_by varchar(140),
			owner varchar(140),
			docstatus int(1) not null default '0',
			idx int(8) not null default '0',
			`default_priority` varchar(140),
`service_level` varchar(140) unique,
`enabled` int(1) not null default 1,
`default_sla` int(1) not null default 0,
`condition` longtext,
`start_date` date,
`end_date` date,
`apply_sla_for_resolution` int(1) not null default 1,
`holiday_list` varchar(140),
`_user_tags` text,
`_comments` text,
`_assign` text,
`_liked_by` text,
index modified(modified))
			ENGINE=InnoDB
			ROW_FORMAT=DYNAMIC
			CHARACTER SET=utf8mb4
			COLLATE=utf8mb4_unicode_ci
2025-03-31 18:44:43,007 WARNING database DDL Query made to DB:
create sequence if not exists hd_ticket_id_seq nocache nocycle
2025-03-31 18:44:43,025 WARNING database DDL Query made to DB:
create table `tabHD Ticket` (
			name bigint primary key,
			creation datetime(6),
			modified datetime(6),
			modified_by varchar(140),
			owner varchar(140),
			docstatus int(1) not null default '0',
			idx int(8) not null default '0',
			`subject` varchar(140),
`raised_by` varchar(140),
`status` varchar(140) default 'Open',
`priority` varchar(140),
`ticket_type` varchar(140),
`agent_group` varchar(140),
`ticket_split_from` varchar(140),
`description` longtext,
`template` varchar(140),
`sla` varchar(140),
`response_by` datetime(6),
`agreement_status` varchar(140) default 'First Response Due',
`resolution_by` datetime(6),
`service_level_agreement_creation` datetime(6),
`on_hold_since` datetime(6),
`total_hold_time` decimal(21,9),
`first_response_time` decimal(21,9),
`first_responded_on` datetime(6),
`avg_response_time` decimal(21,9),
`resolution_details` longtext,
`opening_date` date,
`opening_time` time(6),
`resolution_date` datetime(6),
`resolution_time` decimal(21,9),
`user_resolution_time` decimal(21,9),
`contact` varchar(140),
`customer` varchar(140),
`email_account` varchar(140),
`via_customer_portal` int(1) not null default 0,
`attachment` text,
`content_type` varchar(140),
`feedback_rating` decimal(3,2),
`feedback_text` varchar(140),
`feedback` varchar(140),
`feedback_extra` longtext,
`_user_tags` text,
`_comments` text,
`_assign` text,
`_liked_by` text,
`_seen` text,
index `status`(`status`),
index modified(modified))
			ENGINE=InnoDB
			ROW_FORMAT=DYNAMIC
			CHARACTER SET=utf8mb4
			COLLATE=utf8mb4_unicode_ci
2025-03-31 18:44:43,141 WARNING database DDL Query made to DB:
create table `tabHD Preset Filter` (
			name varchar(140) primary key,
			creation datetime(6),
			modified datetime(6),
			modified_by varchar(140),
			owner varchar(140),
			docstatus int(1) not null default '0',
			idx int(8) not null default '0',
			`title` varchar(140),
`reference_doctype` varchar(140),
`type` varchar(140),
`user` varchar(140),
`_user_tags` text,
`_comments` text,
`_assign` text,
`_liked_by` text,
index modified(modified))
			ENGINE=InnoDB
			ROW_FORMAT=DYNAMIC
			CHARACTER SET=utf8mb4
			COLLATE=utf8mb4_unicode_ci
2025-03-31 18:44:43,225 WARNING database DDL Query made to DB:
create table `tabHD Organization` (
			name varchar(140) primary key,
			creation datetime(6),
			modified datetime(6),
			modified_by varchar(140),
			owner varchar(140),
			docstatus int(1) not null default '0',
			idx int(8) not null default '0',
			`organization_name` varchar(140) unique,
`_user_tags` text,
`_comments` text,
`_assign` text,
`_liked_by` text,
index modified(modified))
			ENGINE=InnoDB
			ROW_FORMAT=DYNAMIC
			CHARACTER SET=utf8mb4
			COLLATE=utf8mb4_unicode_ci
2025-03-31 18:44:43,295 WARNING database DDL Query made to DB:
create table `tabHD Portal Signup Request` (
			name varchar(140) primary key,
			creation datetime(6),
			modified datetime(6),
			modified_by varchar(140),
			owner varchar(140),
			docstatus int(1) not null default '0',
			idx int(8) not null default '0',
			`request_key` varchar(140),
`user` varchar(140),
`_user_tags` text,
`_comments` text,
`_assign` text,
`_liked_by` text,
index modified(modified))
			ENGINE=InnoDB
			ROW_FORMAT=DYNAMIC
			CHARACTER SET=utf8mb4
			COLLATE=utf8mb4_unicode_ci
2025-03-31 18:44:43,388 WARNING database DDL Query made to DB:
create table `tabHD Article` (
			name varchar(140) primary key,
			creation datetime(6),
			modified datetime(6),
			modified_by varchar(140),
			owner varchar(140),
			docstatus int(1) not null default '0',
			idx int(8) not null default '0',
			`title` varchar(140) unique,
`category` varchar(140),
`status` varchar(140) default 'Draft',
`published_on` datetime(6),
`author` varchar(140),
`content` text,
`views` int(11) not null default 0,
`helpful` int(11) not null default 0,
`not_helpful` int(11) not null default 0,
`_user_tags` text,
`_comments` text,
`_assign` text,
`_liked_by` text,
index modified(modified))
			ENGINE=InnoDB
			ROW_FORMAT=DYNAMIC
			CHARACTER SET=utf8mb4
			COLLATE=utf8mb4_unicode_ci
2025-03-31 18:44:43,470 WARNING database DDL Query made to DB:
create table `tabHD Article Sub Category Item` (
			name varchar(140) primary key,
			creation datetime(6),
			modified datetime(6),
			modified_by varchar(140),
			owner varchar(140),
			docstatus int(1) not null default '0',
			idx int(8) not null default '0',
			`sub_category` varchar(140) unique,
parent varchar(140),
parentfield varchar(140),
parenttype varchar(140),
index parent(parent))
			ENGINE=InnoDB
			ROW_FORMAT=DYNAMIC
			CHARACTER SET=utf8mb4
			COLLATE=utf8mb4_unicode_ci
2025-03-31 18:44:43,554 WARNING database DDL Query made to DB:
create table `tabHD Service Holiday List` (
			name varchar(140) primary key,
			creation datetime(6),
			modified datetime(6),
			modified_by varchar(140),
			owner varchar(140),
			docstatus int(1) not null default '0',
			idx int(8) not null default '0',
			`holiday_list_name` varchar(140) unique,
`from_date` date,
`to_date` date,
`total_holidays` int(11) not null default 0,
`weekly_off` varchar(140),
`color` varchar(140),
`_user_tags` text,
`_comments` text,
`_assign` text,
`_liked_by` text,
index modified(modified))
			ENGINE=InnoDB
			ROW_FORMAT=DYNAMIC
			CHARACTER SET=utf8mb4
			COLLATE=utf8mb4_unicode_ci
2025-03-31 18:44:43,652 WARNING database DDL Query made to DB:
create table `tabHD Escalation Rule` (
			name varchar(140) primary key,
			creation datetime(6),
			modified datetime(6),
			modified_by varchar(140),
			owner varchar(140),
			docstatus int(1) not null default '0',
			idx int(8) not null default '0',
			`is_enabled` int(1) not null default 0,
`priority` varchar(140),
`team` varchar(140),
`ticket_type` varchar(140),
`to_agent` varchar(140),
`to_team` varchar(140),
`to_priority` varchar(140),
`to_ticket_type` varchar(140),
`_user_tags` text,
`_comments` text,
`_assign` text,
`_liked_by` text,
index modified(modified))
			ENGINE=InnoDB
			ROW_FORMAT=DYNAMIC
			CHARACTER SET=utf8mb4
			COLLATE=utf8mb4_unicode_ci
2025-03-31 18:44:43,736 WARNING database DDL Query made to DB:
create table `tabHD Ticket Activity` (
			name varchar(140) primary key,
			creation datetime(6),
			modified datetime(6),
			modified_by varchar(140),
			owner varchar(140),
			docstatus int(1) not null default '0',
			idx int(8) not null default '0',
			`ticket` varchar(140),
`action` varchar(140),
`_user_tags` text,
`_comments` text,
`_assign` text,
`_liked_by` text,
index modified(modified))
			ENGINE=InnoDB
			ROW_FORMAT=DYNAMIC
			CHARACTER SET=utf8mb4
			COLLATE=utf8mb4_unicode_ci
2025-03-31 18:44:43,811 WARNING database DDL Query made to DB:
create sequence if not exists hd_team_item_id_seq nocache nocycle
2025-03-31 18:44:43,831 WARNING database DDL Query made to DB:
create table `tabHD Team Item` (
			name bigint primary key,
			creation datetime(6),
			modified datetime(6),
			modified_by varchar(140),
			owner varchar(140),
			docstatus int(1) not null default '0',
			idx int(8) not null default '0',
			`team` varchar(140),
parent varchar(140),
parentfield varchar(140),
parenttype varchar(140),
index parent(parent))
			ENGINE=InnoDB
			ROW_FORMAT=DYNAMIC
			CHARACTER SET=utf8mb4
			COLLATE=utf8mb4_unicode_ci
2025-03-31 18:44:43,915 WARNING database DDL Query made to DB:
create table `tabHD Service Level Agreement Fulfilled On Status` (
			name varchar(140) primary key,
			creation datetime(6),
			modified datetime(6),
			modified_by varchar(140),
			owner varchar(140),
			docstatus int(1) not null default '0',
			idx int(8) not null default '0',
			`status` varchar(140),
parent varchar(140),
parentfield varchar(140),
parenttype varchar(140),
index parent(parent))
			ENGINE=InnoDB
			ROW_FORMAT=DYNAMIC
			CHARACTER SET=utf8mb4
			COLLATE=utf8mb4_unicode_ci
2025-03-31 18:44:43,995 WARNING database DDL Query made to DB:
create table `tabHD Customer` (
			name varchar(140) primary key,
			creation datetime(6),
			modified datetime(6),
			modified_by varchar(140),
			owner varchar(140),
			docstatus int(1) not null default '0',
			idx int(8) not null default '0',
			`image` text,
`customer_name` varchar(140) unique,
`domain` varchar(140),
`_user_tags` text,
`_comments` text,
`_assign` text,
`_liked_by` text,
index modified(modified))
			ENGINE=InnoDB
			ROW_FORMAT=DYNAMIC
			CHARACTER SET=utf8mb4
			COLLATE=utf8mb4_unicode_ci
2025-03-31 18:44:44,079 WARNING database DDL Query made to DB:
create table `tabHD Holiday` (
			name varchar(140) primary key,
			creation datetime(6),
			modified datetime(6),
			modified_by varchar(140),
			owner varchar(140),
			docstatus int(1) not null default '0',
			idx int(8) not null default '0',
			`holiday_date` date,
`weekly_off` int(1) not null default 0,
`description` longtext,
parent varchar(140),
parentfield varchar(140),
parenttype varchar(140),
index parent(parent))
			ENGINE=InnoDB
			ROW_FORMAT=DYNAMIC
			CHARACTER SET=utf8mb4
			COLLATE=utf8mb4_unicode_ci
2025-03-31 18:44:44,159 WARNING database DDL Query made to DB:
create table `tabHD Notification` (
			name varchar(140) primary key,
			creation datetime(6),
			modified datetime(6),
			modified_by varchar(140),
			owner varchar(140),
			docstatus int(1) not null default '0',
			idx int(8) not null default '0',
			`read` int(1) not null default 0,
`user_from` varchar(140),
`user_to` varchar(140),
`notification_type` varchar(140),
`reference_ticket` varchar(140),
`reference_comment` varchar(140),
`_user_tags` text,
`_comments` text,
`_assign` text,
`_liked_by` text,
index modified(modified))
			ENGINE=InnoDB
			ROW_FORMAT=DYNAMIC
			CHARACTER SET=utf8mb4
			COLLATE=utf8mb4_unicode_ci
2025-03-31 18:44:44,248 WARNING database DDL Query made to DB:
create table `tabHD Ticket Type` (
			name varchar(140) primary key,
			creation datetime(6),
			modified datetime(6),
			modified_by varchar(140),
			owner varchar(140),
			docstatus int(1) not null default '0',
			idx int(8) not null default '0',
			`is_system` int(1) not null default 0,
`description` text,
`priority` varchar(140),
`_user_tags` text,
`_comments` text,
`_assign` text,
`_liked_by` text,
index modified(modified))
			ENGINE=InnoDB
			ROW_FORMAT=DYNAMIC
			CHARACTER SET=utf8mb4
			COLLATE=utf8mb4_unicode_ci
2025-03-31 18:44:44,333 WARNING database DDL Query made to DB:
create sequence if not exists hd_team_member_id_seq nocache nocycle
2025-03-31 18:44:44,354 WARNING database DDL Query made to DB:
create table `tabHD Team Member` (
			name bigint primary key,
			creation datetime(6),
			modified datetime(6),
			modified_by varchar(140),
			owner varchar(140),
			docstatus int(1) not null default '0',
			idx int(8) not null default '0',
			`user` varchar(140),
parent varchar(140),
parentfield varchar(140),
parenttype varchar(140),
index parent(parent))
			ENGINE=InnoDB
			ROW_FORMAT=DYNAMIC
			CHARACTER SET=utf8mb4
			COLLATE=utf8mb4_unicode_ci
2025-03-31 18:44:44,424 WARNING database DDL Query made to DB:
create table `tabHD Desk Account Request` (
			name varchar(140) primary key,
			creation datetime(6),
			modified datetime(6),
			modified_by varchar(140),
			owner varchar(140),
			docstatus int(1) not null default '0',
			idx int(8) not null default '0',
			`request_key` varchar(140),
`ip_address` varchar(140),
`email` varchar(140) unique,
`user` varchar(140),
`_user_tags` text,
`_comments` text,
`_assign` text,
`_liked_by` text,
index modified(modified))
			ENGINE=InnoDB
			ROW_FORMAT=DYNAMIC
			CHARACTER SET=utf8mb4
			COLLATE=utf8mb4_unicode_ci
2025-03-31 18:44:44,512 WARNING database DDL Query made to DB:
create table `tabHD Article Item` (
			name varchar(140) primary key,
			creation datetime(6),
			modified datetime(6),
			modified_by varchar(140),
			owner varchar(140),
			docstatus int(1) not null default '0',
			idx int(8) not null default '0',
			`article` varchar(140),
parent varchar(140),
parentfield varchar(140),
parenttype varchar(140),
index parent(parent))
			ENGINE=InnoDB
			ROW_FORMAT=DYNAMIC
			CHARACTER SET=utf8mb4
			COLLATE=utf8mb4_unicode_ci
2025-03-31 18:44:44,591 WARNING database DDL Query made to DB:
create table `tabHD Ticket Feedback Option` (
			name varchar(140) primary key,
			creation datetime(6),
			modified datetime(6),
			modified_by varchar(140),
			owner varchar(140),
			docstatus int(1) not null default '0',
			idx int(8) not null default '0',
			`rating` decimal(3,2),
`label` varchar(140) unique,
`_user_tags` text,
`_comments` text,
`_assign` text,
`_liked_by` text,
index modified(modified))
			ENGINE=InnoDB
			ROW_FORMAT=DYNAMIC
			CHARACTER SET=utf8mb4
			COLLATE=utf8mb4_unicode_ci
2025-03-31 18:44:44,678 WARNING database DDL Query made to DB:
create table `tabHD Service Level Priority` (
			name varchar(140) primary key,
			creation datetime(6),
			modified datetime(6),
			modified_by varchar(140),
			owner varchar(140),
			docstatus int(1) not null default '0',
			idx int(8) not null default '0',
			`default_priority` int(1) not null default 0,
`priority` varchar(140),
`response_time` decimal(21,9),
`resolution_time` decimal(21,9),
parent varchar(140),
parentfield varchar(140),
parenttype varchar(140),
index parent(parent))
			ENGINE=InnoDB
			ROW_FORMAT=DYNAMIC
			CHARACTER SET=utf8mb4
			COLLATE=utf8mb4_unicode_ci
2025-03-31 18:44:44,751 WARNING database DDL Query made to DB:
create table `tabHD Organization Contact Item` (
			name varchar(140) primary key,
			creation datetime(6),
			modified datetime(6),
			modified_by varchar(140),
			owner varchar(140),
			docstatus int(1) not null default '0',
			idx int(8) not null default '0',
			`contact` varchar(140),
parent varchar(140),
parentfield varchar(140),
parenttype varchar(140),
index parent(parent))
			ENGINE=InnoDB
			ROW_FORMAT=DYNAMIC
			CHARACTER SET=utf8mb4
			COLLATE=utf8mb4_unicode_ci
2025-03-31 18:44:44,828 WARNING database DDL Query made to DB:
create table `tabHD Ticket Comment` (
			name varchar(140) primary key,
			creation datetime(6),
			modified datetime(6),
			modified_by varchar(140),
			owner varchar(140),
			docstatus int(1) not null default '0',
			idx int(8) not null default '0',
			`reference_ticket` varchar(140),
`commented_by` varchar(140),
`is_pinned` int(1) not null default 0,
`content` longtext,
`_user_tags` text,
`_comments` text,
`_assign` text,
`_liked_by` text,
index modified(modified))
			ENGINE=InnoDB
			ROW_FORMAT=DYNAMIC
			CHARACTER SET=utf8mb4
			COLLATE=utf8mb4_unicode_ci
2025-03-31 18:44:44,920 WARNING database DDL Query made to DB:
create table `tabHD Canned Response` (
			name varchar(140) primary key,
			creation datetime(6),
			modified datetime(6),
			modified_by varchar(140),
			owner varchar(140),
			docstatus int(1) not null default '0',
			idx int(8) not null default '0',
			`title` varchar(140) unique,
`message` longtext,
`_user_tags` text,
`_comments` text,
`_assign` text,
`_liked_by` text,
index modified(modified))
			ENGINE=InnoDB
			ROW_FORMAT=DYNAMIC
			CHARACTER SET=utf8mb4
			COLLATE=utf8mb4_unicode_ci
2025-03-31 18:44:45,007 WARNING database DDL Query made to DB:
create table `tabHD Ticket Template Field` (
			name varchar(140) primary key,
			creation datetime(6),
			modified datetime(6),
			modified_by varchar(140),
			owner varchar(140),
			docstatus int(1) not null default '0',
			idx int(8) not null default '0',
			`fieldname` varchar(140),
`url_method` varchar(140),
`required` int(1) not null default 0,
`hide_from_customer` int(1) not null default 0,
parent varchar(140),
parentfield varchar(140),
parenttype varchar(140),
index parent(parent))
			ENGINE=InnoDB
			ROW_FORMAT=DYNAMIC
			CHARACTER SET=utf8mb4
			COLLATE=utf8mb4_unicode_ci
2025-03-31 18:44:45,088 WARNING database DDL Query made to DB:
create table `tabHD Article Feedback` (
			name varchar(140) primary key,
			creation datetime(6),
			modified datetime(6),
			modified_by varchar(140),
			owner varchar(140),
			docstatus int(1) not null default '0',
			idx int(8) not null default '0',
			`article` varchar(140),
`user` varchar(140),
`feedback` int(11) not null default 0,
`_user_tags` text,
`_comments` text,
`_assign` text,
`_liked_by` text,
index modified(modified))
			ENGINE=InnoDB
			ROW_FORMAT=DYNAMIC
			CHARACTER SET=utf8mb4
			COLLATE=utf8mb4_unicode_ci
2025-03-31 18:44:59,591 WARNING database DDL Query made to DB:
alter table `tabDocType` add column if not exists migration_hash varchar(140)
2025-03-31 18:45:00,208 WARNING database DDL Query made to DB:
ALTER TABLE `tabPrint Heading` DROP INDEX `print_heading`
2025-03-31 18:45:00,819 WARNING database DDL Query made to DB:
ALTER TABLE `tabPrint Heading` ADD UNIQUE INDEX IF NOT EXISTS print_heading (`print_heading`)
2025-03-31 19:01:09,010 WARNING database DDL Query made to DB:
alter table `tabDocType` add column if not exists migration_hash varchar(140)
2025-03-31 19:01:09,623 WARNING database DDL Query made to DB:
ALTER TABLE `tabPrint Heading` DROP INDEX `print_heading`
2025-03-31 19:01:10,252 WARNING database DDL Query made to DB:
ALTER TABLE `tabPrint Heading` ADD UNIQUE INDEX IF NOT EXISTS print_heading (`print_heading`)
2025-04-14 16:07:25,448 WARNING database DDL Query made to DB:
alter table `tabDocType` add column if not exists migration_hash varchar(140)
2025-04-14 16:07:26,020 WARNING database DDL Query made to DB:
ALTER TABLE `tabPrint Heading` DROP INDEX `print_heading`
2025-04-14 16:07:26,618 WARNING database DDL Query made to DB:
ALTER TABLE `tabPrint Heading` ADD UNIQUE INDEX IF NOT EXISTS print_heading (`print_heading`)
2025-04-17 16:53:44,464 WARNING database DDL Query made to DB:
alter table `tabDocType` add column if not exists migration_hash varchar(140)
2025-04-17 16:53:45,143 WARNING database DDL Query made to DB:
ALTER TABLE `tabPrint Heading` DROP INDEX `print_heading`
2025-04-17 16:53:45,860 WARNING database DDL Query made to DB:
ALTER TABLE `tabPrint Heading` ADD UNIQUE INDEX IF NOT EXISTS print_heading (`print_heading`)
2025-04-17 17:57:23,282 WARNING database DDL Query made to DB:
alter table `tabDocType` add column if not exists migration_hash varchar(140)
2025-04-17 17:57:23,868 WARNING database DDL Query made to DB:
ALTER TABLE `tabPrint Heading` DROP INDEX `print_heading`
2025-04-17 17:57:24,440 WARNING database DDL Query made to DB:
ALTER TABLE `tabPrint Heading` ADD UNIQUE INDEX IF NOT EXISTS print_heading (`print_heading`)
2025-04-21 17:24:28,379 WARNING database DDL Query made to DB:
DROP USER IF EXISTS '_e30c25f20b33a4e4'@'localhost'
2025-04-21 17:24:34,571 WARNING database DDL Query made to DB:
DROP DATABASE IF EXISTS `_e30c25f20b33a4e4`
2025-04-21 17:24:34,572 WARNING database DDL Query made to DB:
CREATE USER '_e30c25f20b33a4e4'@'localhost' IDENTIFIED BY 'U5r0xFvbABjiz0yB'
2025-04-21 17:24:34,590 WARNING database DDL Query made to DB:
CREATE DATABASE `_e30c25f20b33a4e4` CHARACTER SET utf8mb4 COLLATE utf8mb4_unicode_ci
2025-04-21 17:24:52,197 WARNING database DDL Query made to DB:
create table if not exists `__Auth` (
				`doctype` VARCHAR(140) NOT NULL,
				`name` VARCHAR(255) NOT NULL,
				`fieldname` VARCHAR(140) NOT NULL,
				`password` TEXT NOT NULL,
				`encrypted` INT(1) NOT NULL DEFAULT 0,
				PRIMARY KEY (`doctype`, `name`, `fieldname`)
			) ENGINE=InnoDB ROW_FORMAT=DYNAMIC CHARACTER SET=utf8mb4 COLLATE=utf8mb4_unicode_ci
2025-04-21 17:24:52,204 WARNING database DDL Query made to DB:
create table if not exists __UserSettings (
			`user` VARCHAR(180) NOT NULL,
			`doctype` VARCHAR(180) NOT NULL,
			`data` TEXT,
			UNIQUE(user, doctype)
			) ENGINE=InnoDB DEFAULT CHARSET=utf8mb4 COLLATE=utf8mb4_unicode_ci
2025-04-21 18:04:22,675 WARNING database DDL Query made to DB:
DROP USER IF EXISTS '_e30c25f20b33a4e4'@'localhost'
2025-04-21 18:04:28,824 WARNING database DDL Query made to DB:
DROP DATABASE IF EXISTS `_e30c25f20b33a4e4`
2025-04-21 18:04:28,825 WARNING database DDL Query made to DB:
CREATE USER '_e30c25f20b33a4e4'@'localhost' IDENTIFIED BY 'U5r0xFvbABjiz0yB'
2025-04-21 18:04:28,826 WARNING database DDL Query made to DB:
CREATE DATABASE `_e30c25f20b33a4e4` CHARACTER SET utf8mb4 COLLATE utf8mb4_unicode_ci
2025-04-21 18:04:46,507 WARNING database DDL Query made to DB:
create table if not exists `__Auth` (
				`doctype` VARCHAR(140) NOT NULL,
				`name` VARCHAR(255) NOT NULL,
				`fieldname` VARCHAR(140) NOT NULL,
				`password` TEXT NOT NULL,
				`encrypted` INT(1) NOT NULL DEFAULT 0,
				PRIMARY KEY (`doctype`, `name`, `fieldname`)
			) ENGINE=InnoDB ROW_FORMAT=DYNAMIC CHARACTER SET=utf8mb4 COLLATE=utf8mb4_unicode_ci
2025-04-21 18:04:46,513 WARNING database DDL Query made to DB:
create table if not exists __UserSettings (
			`user` VARCHAR(180) NOT NULL,
			`doctype` VARCHAR(180) NOT NULL,
			`data` TEXT,
			UNIQUE(user, doctype)
			) ENGINE=InnoDB DEFAULT CHARSET=utf8mb4 COLLATE=utf8mb4_unicode_ci
2025-04-21 18:05:34,093 WARNING database DDL Query made to DB:
alter table `tabDocType` add column if not exists migration_hash varchar(140)
2025-04-21 18:05:34,813 WARNING database DDL Query made to DB:
ALTER TABLE `tabPrint Heading` DROP INDEX `print_heading`
2025-04-21 18:05:35,581 WARNING database DDL Query made to DB:
ALTER TABLE `tabPrint Heading` ADD UNIQUE INDEX IF NOT EXISTS print_heading (`print_heading`)
2025-04-22 12:23:17,109 WARNING database DDL Query made to DB:
alter table `tabDocType` add column if not exists migration_hash varchar(140)
2025-04-22 12:23:17,739 WARNING database DDL Query made to DB:
ALTER TABLE `tabPrint Heading` DROP INDEX `print_heading`
2025-04-22 12:23:18,416 WARNING database DDL Query made to DB:
ALTER TABLE `tabPrint Heading` ADD UNIQUE INDEX IF NOT EXISTS print_heading (`print_heading`)
2025-04-22 12:23:30,756 WARNING database DDL Query made to DB:
alter table `tabDocType` add column if not exists migration_hash varchar(140)
2025-04-22 12:23:31,443 WARNING database DDL Query made to DB:
ALTER TABLE `tabPrint Heading` DROP INDEX `print_heading`
2025-04-22 12:23:32,113 WARNING database DDL Query made to DB:
ALTER TABLE `tabPrint Heading` ADD UNIQUE INDEX IF NOT EXISTS print_heading (`print_heading`)
